{"/mnt/c/Users/lukef/seng2021/SENG2021DebugThugs/src/index.ts": {"path":"/mnt/c/Users/lukef/seng2021/SENG2021DebugThugs/src/index.ts","statementMap":{"0":{"start":{"line":1,"column":0},"end":{"line":1,"column":47}},"1":{"start":{"line":2,"column":0},"end":{"line":2,"column":48}},"2":{"start":{"line":3,"column":0},"end":{"line":3,"column":29}},"3":{"start":{"line":4,"column":0},"end":{"line":4,"column":31}},"4":{"start":{"line":6,"column":0},"end":{"line":6,"column":49}},"5":{"start":{"line":7,"column":0},"end":{"line":7,"column":47}},"6":{"start":{"line":8,"column":0},"end":{"line":8,"column":24}},"7":{"start":{"line":9,"column":0},"end":{"line":9,"column":55}},"8":{"start":{"line":11,"column":0},"end":{"line":18,"column":5}},"9":{"start":{"line":11,"column":12},"end":{"line":18,"column":2}},"10":{"start":{"line":12,"column":2},"end":{"line":17,"column":3}},"11":{"start":{"line":13,"column":4},"end":{"line":13,"column":19}},"12":{"start":{"line":14,"column":4},"end":{"line":14,"column":41}},"13":{"start":{"line":16,"column":4},"end":{"line":16,"column":49}},"14":{"start":{"line":21,"column":24},"end":{"line":21,"column":82}},"15":{"start":{"line":27,"column":25},"end":{"line":27,"column":34}},"16":{"start":{"line":30,"column":0},"end":{"line":30,"column":16}},"17":{"start":{"line":31,"column":0},"end":{"line":31,"column":24}},"18":{"start":{"line":34,"column":0},"end":{"line":34,"column":72}},"19":{"start":{"line":37,"column":0},"end":{"line":37,"column":37}},"20":{"start":{"line":38,"column":0},"end":{"line":38,"column":35}},"21":{"start":{"line":42,"column":13},"end":{"line":42,"column":37}},"22":{"start":{"line":56,"column":9},"end":{"line":56,"column":13}},"23":{"start":{"line":43,"column":15},"end":{"line":45,"column":2}},"24":{"start":{"line":44,"column":2},"end":{"line":44,"column":51}},"25":{"start":{"line":55,"column":9},"end":{"line":55,"column":15}},"26":{"start":{"line":48,"column":0},"end":{"line":53,"column":3}},"27":{"start":{"line":49,"column":2},"end":{"line":52,"column":5}},"28":{"start":{"line":50,"column":4},"end":{"line":50,"column":52}},"29":{"start":{"line":51,"column":4},"end":{"line":51,"column":19}}},"fnMap":{"0":{"name":"(anonymous_17)","decl":{"start":{"line":11,"column":1},"end":{"line":11,"column":10}},"loc":{"start":{"line":11,"column":12},"end":{"line":18,"column":2}}},"1":{"name":"(anonymous_18)","decl":{"start":{"line":11,"column":12},"end":{"line":11,"column":null}},"loc":{"start":{"line":11,"column":12},"end":{"line":18,"column":1}}},"2":{"name":"(anonymous_19)","decl":{"start":{"line":43,"column":32},"end":{"line":43,"column":35}},"loc":{"start":{"line":43,"column":37},"end":{"line":45,"column":1}}},"3":{"name":"(anonymous_20)","decl":{"start":{"line":48,"column":21},"end":{"line":48,"column":24}},"loc":{"start":{"line":48,"column":26},"end":{"line":53,"column":1}}},"4":{"name":"(anonymous_21)","decl":{"start":{"line":49,"column":15},"end":{"line":49,"column":18}},"loc":{"start":{"line":49,"column":20},"end":{"line":52,"column":3}}}},"branchMap":{"0":{"loc":{"start":{"line":42,"column":13},"end":{"line":42,"column":37}},"type":"binary-expr","locations":[{"start":{"line":42,"column":13},"end":{"line":42,"column":29}},{"start":{"line":42,"column":33},"end":{"line":42,"column":37}}]}},"s":{"0":7,"1":7,"2":7,"3":7,"4":7,"5":7,"6":7,"7":7,"8":7,"9":7,"10":7,"11":7,"12":7,"13":0,"14":7,"15":7,"16":7,"17":7,"18":7,"19":7,"20":7,"21":7,"22":7,"23":7,"24":7,"25":7,"26":7,"27":0,"28":0,"29":0},"f":{"0":7,"1":7,"2":7,"3":0,"4":0},"b":{"0":[7,7]}}
,"/mnt/c/Users/lukef/seng2021/SENG2021DebugThugs/src/controllers/OrderController.ts": {"path":"/mnt/c/Users/lukef/seng2021/SENG2021DebugThugs/src/controllers/OrderController.ts","statementMap":{"0":{"start":{"line":9,"column":0},"end":{"line":9,"column":22}},"1":{"start":{"line":31,"column":0},"end":{"line":31,"column":22}},"2":{"start":{"line":45,"column":0},"end":{"line":45,"column":22}},"3":{"start":{"line":2,"column":0},"end":{"line":2,"column":56}},"4":{"start":{"line":4,"column":0},"end":{"line":4,"column":64}},"5":{"start":{"line":5,"column":21},"end":{"line":5,"column":39}},"6":{"start":{"line":10,"column":16},"end":{"line":10,"column":45}},"7":{"start":{"line":11,"column":50},"end":{"line":11,"column":58}},"8":{"start":{"line":13,"column":2},"end":{"line":15,"column":3}},"9":{"start":{"line":14,"column":4},"end":{"line":14,"column":57}},"10":{"start":{"line":17,"column":2},"end":{"line":27,"column":3}},"11":{"start":{"line":18,"column":19},"end":{"line":19,"column":21}},"12":{"start":{"line":20,"column":4},"end":{"line":20,"column":37}},"13":{"start":{"line":22,"column":4},"end":{"line":26,"column":3}},"14":{"start":{"line":23,"column":6},"end":{"line":23,"column":55}},"15":{"start":{"line":25,"column":6},"end":{"line":25,"column":57}},"16":{"start":{"line":32,"column":2},"end":{"line":42,"column":3}},"17":{"start":{"line":33,"column":27},"end":{"line":33,"column":37}},"18":{"start":{"line":34,"column":18},"end":{"line":34,"column":62}},"19":{"start":{"line":35,"column":4},"end":{"line":37,"column":5}},"20":{"start":{"line":36,"column":6},"end":{"line":36,"column":64}},"21":{"start":{"line":38,"column":4},"end":{"line":38,"column":27}},"22":{"start":{"line":40,"column":4},"end":{"line":40,"column":25}},"23":{"start":{"line":41,"column":4},"end":{"line":41,"column":66}},"24":{"start":{"line":46,"column":23},"end":{"line":46,"column":33}},"25":{"start":{"line":48,"column":2},"end":{"line":57,"column":3}},"26":{"start":{"line":49,"column":19},"end":{"line":49,"column":56}},"27":{"start":{"line":50,"column":4},"end":{"line":50,"column":40}},"28":{"start":{"line":52,"column":4},"end":{"line":56,"column":3}},"29":{"start":{"line":53,"column":6},"end":{"line":53,"column":49}},"30":{"start":{"line":55,"column":6},"end":{"line":55,"column":51}},"31":{"start":{"line":62,"column":39},"end":{"line":74,"column":null}},"32":{"start":{"line":62,"column":92},"end":{"line":74,"column":null}},"33":{"start":{"line":63,"column":2},"end":{"line":73,"column":3}},"34":{"start":{"line":64,"column":26},"end":{"line":64,"column":36}},"35":{"start":{"line":65,"column":17},"end":{"line":65,"column":38}},"36":{"start":{"line":68,"column":19},"end":{"line":68,"column":53}},"37":{"start":{"line":70,"column":4},"end":{"line":70,"column":37}},"38":{"start":{"line":72,"column":4},"end":{"line":72,"column":61}},"39":{"start":{"line":62,"column":13},"end":{"line":62,"column":39}},"40":{"start":{"line":77,"column":27},"end":{"line":94,"column":2}},"41":{"start":{"line":77,"column":80},"end":{"line":94,"column":2}},"42":{"start":{"line":78,"column":2},"end":{"line":93,"column":3}},"43":{"start":{"line":79,"column":25},"end":{"line":79,"column":33}},"44":{"start":{"line":80,"column":17},"end":{"line":80,"column":38}},"45":{"start":{"line":82,"column":18},"end":{"line":82,"column":47}},"46":{"start":{"line":83,"column":4},"end":{"line":86,"column":5}},"47":{"start":{"line":84,"column":6},"end":{"line":84,"column":77}},"48":{"start":{"line":85,"column":6},"end":{"line":85,"column":13}},"49":{"start":{"line":88,"column":4},"end":{"line":88,"column":29}},"50":{"start":{"line":89,"column":4},"end":{"line":89,"column":69}},"51":{"start":{"line":91,"column":4},"end":{"line":91,"column":61}},"52":{"start":{"line":92,"column":4},"end":{"line":92,"column":null}},"53":{"start":{"line":77,"column":13},"end":{"line":77,"column":27}},"54":{"start":{"line":97,"column":26},"end":{"line":105,"column":2}},"55":{"start":{"line":97,"column":79},"end":{"line":105,"column":2}},"56":{"start":{"line":98,"column":2},"end":{"line":104,"column":3}},"57":{"start":{"line":99,"column":17},"end":{"line":99,"column":38}},"58":{"start":{"line":100,"column":4},"end":{"line":100,"column":17}},"59":{"start":{"line":101,"column":4},"end":{"line":101,"column":73}},"60":{"start":{"line":103,"column":4},"end":{"line":103,"column":61}},"61":{"start":{"line":97,"column":13},"end":{"line":97,"column":26}}},"fnMap":{"0":{"name":"createOrder","decl":{"start":{"line":9,"column":22},"end":{"line":9,"column":33}},"loc":{"start":{"line":9,"column":61},"end":{"line":28,"column":null}}},"1":{"name":"getOrderByInvoiceUid","decl":{"start":{"line":31,"column":22},"end":{"line":31,"column":42}},"loc":{"start":{"line":31,"column":70},"end":{"line":43,"column":null}}},"2":{"name":"fetchXml","decl":{"start":{"line":45,"column":22},"end":{"line":45,"column":30}},"loc":{"start":{"line":45,"column":58},"end":{"line":58,"column":null}}},"3":{"name":"(anonymous_13)","decl":{"start":{"line":62,"column":39},"end":{"line":62,"column":46}},"loc":{"start":{"line":62,"column":92},"end":{"line":74,"column":null}}},"4":{"name":"(anonymous_14)","decl":{"start":{"line":62,"column":92},"end":{"line":62,"column":null}},"loc":{"start":{"line":62,"column":92},"end":{"line":74,"column":1}}},"5":{"name":"(anonymous_15)","decl":{"start":{"line":77,"column":27},"end":{"line":77,"column":34}},"loc":{"start":{"line":77,"column":80},"end":{"line":94,"column":2}}},"6":{"name":"(anonymous_16)","decl":{"start":{"line":77,"column":80},"end":{"line":77,"column":null}},"loc":{"start":{"line":77,"column":80},"end":{"line":94,"column":1}}},"7":{"name":"(anonymous_17)","decl":{"start":{"line":97,"column":26},"end":{"line":97,"column":33}},"loc":{"start":{"line":97,"column":79},"end":{"line":105,"column":2}}},"8":{"name":"(anonymous_18)","decl":{"start":{"line":97,"column":79},"end":{"line":97,"column":null}},"loc":{"start":{"line":97,"column":79},"end":{"line":105,"column":1}}}},"branchMap":{"0":{"loc":{"start":{"line":13,"column":2},"end":{"line":15,"column":3}},"type":"if","locations":[{"start":{"line":13,"column":2},"end":{"line":15,"column":3}}]},"1":{"loc":{"start":{"line":22,"column":4},"end":{"line":26,"column":3}},"type":"if","locations":[{"start":{"line":22,"column":4},"end":{"line":26,"column":3}},{"start":{"line":24,"column":9},"end":{"line":26,"column":3}}]},"2":{"loc":{"start":{"line":35,"column":4},"end":{"line":37,"column":5}},"type":"if","locations":[{"start":{"line":35,"column":4},"end":{"line":37,"column":5}}]},"3":{"loc":{"start":{"line":52,"column":4},"end":{"line":56,"column":3}},"type":"if","locations":[{"start":{"line":52,"column":4},"end":{"line":56,"column":3}},{"start":{"line":54,"column":9},"end":{"line":56,"column":3}}]},"4":{"loc":{"start":{"line":83,"column":4},"end":{"line":86,"column":5}},"type":"if","locations":[{"start":{"line":83,"column":4},"end":{"line":86,"column":5}}]},"5":{"loc":{"start":{"line":83,"column":8},"end":{"line":83,"column":44}},"type":"binary-expr","locations":[{"start":{"line":83,"column":8},"end":{"line":83,"column":14}},{"start":{"line":83,"column":18},"end":{"line":83,"column":44}}]}},"s":{"0":7,"1":7,"2":7,"3":7,"4":7,"5":7,"6":4,"7":4,"8":4,"9":0,"10":4,"11":4,"12":3,"13":1,"14":1,"15":0,"16":0,"17":0,"18":0,"19":0,"20":0,"21":0,"22":0,"23":0,"24":2,"25":2,"26":2,"27":1,"28":1,"29":1,"30":0,"31":7,"32":0,"33":0,"34":0,"35":0,"36":0,"37":0,"38":0,"39":7,"40":7,"41":0,"42":0,"43":0,"44":0,"45":0,"46":0,"47":0,"48":0,"49":0,"50":0,"51":0,"52":0,"53":7,"54":7,"55":0,"56":0,"57":0,"58":0,"59":0,"60":0,"61":7},"f":{"0":4,"1":0,"2":2,"3":0,"4":0,"5":0,"6":0,"7":0,"8":0},"b":{"0":[0],"1":[1,0],"2":[0],"3":[1,0],"4":[0],"5":[0,0]}}
,"/mnt/c/Users/lukef/seng2021/SENG2021DebugThugs/src/controllers/PersonController.ts": {"path":"/mnt/c/Users/lukef/seng2021/SENG2021DebugThugs/src/controllers/PersonController.ts","statementMap":{"0":{"start":{"line":7,"column":0},"end":{"line":7,"column":22}},"1":{"start":{"line":22,"column":0},"end":{"line":22,"column":22}},"2":{"start":{"line":38,"column":0},"end":{"line":38,"column":22}},"3":{"start":{"line":57,"column":0},"end":{"line":57,"column":22}},"4":{"start":{"line":75,"column":0},"end":{"line":75,"column":22}},"5":{"start":{"line":2,"column":0},"end":{"line":2,"column":58}},"6":{"start":{"line":4,"column":22},"end":{"line":4,"column":41}},"7":{"start":{"line":8,"column":40},"end":{"line":8,"column":48}},"8":{"start":{"line":10,"column":2},"end":{"line":19,"column":3}},"9":{"start":{"line":11,"column":19},"end":{"line":11,"column":78}},"10":{"start":{"line":12,"column":4},"end":{"line":12,"column":40}},"11":{"start":{"line":14,"column":4},"end":{"line":18,"column":5}},"12":{"start":{"line":15,"column":8},"end":{"line":15,"column":62}},"13":{"start":{"line":17,"column":8},"end":{"line":17,"column":64}},"14":{"start":{"line":23,"column":34},"end":{"line":23,"column":42}},"15":{"start":{"line":25,"column":2},"end":{"line":34,"column":3}},"16":{"start":{"line":26,"column":19},"end":{"line":26,"column":69}},"17":{"start":{"line":27,"column":4},"end":{"line":27,"column":40}},"18":{"start":{"line":29,"column":4},"end":{"line":33,"column":5}},"19":{"start":{"line":30,"column":8},"end":{"line":30,"column":62}},"20":{"start":{"line":32,"column":8},"end":{"line":32,"column":64}},"21":{"start":{"line":39,"column":2},"end":{"line":53,"column":3}},"22":{"start":{"line":40,"column":25},"end":{"line":40,"column":35}},"23":{"start":{"line":41,"column":19},"end":{"line":41,"column":68}},"24":{"start":{"line":42,"column":4},"end":{"line":44,"column":5}},"25":{"start":{"line":43,"column":6},"end":{"line":43,"column":65}},"26":{"start":{"line":45,"column":4},"end":{"line":45,"column":28}},"27":{"start":{"line":47,"column":4},"end":{"line":47,"column":25}},"28":{"start":{"line":48,"column":4},"end":{"line":52,"column":5}},"29":{"start":{"line":49,"column":8},"end":{"line":49,"column":62}},"30":{"start":{"line":51,"column":8},"end":{"line":51,"column":64}},"31":{"start":{"line":58,"column":2},"end":{"line":72,"column":3}},"32":{"start":{"line":59,"column":22},"end":{"line":59,"column":32}},"33":{"start":{"line":60,"column":19},"end":{"line":60,"column":62}},"34":{"start":{"line":61,"column":4},"end":{"line":63,"column":5}},"35":{"start":{"line":62,"column":6},"end":{"line":62,"column":65}},"36":{"start":{"line":64,"column":4},"end":{"line":64,"column":28}},"37":{"start":{"line":66,"column":4},"end":{"line":66,"column":25}},"38":{"start":{"line":67,"column":4},"end":{"line":71,"column":5}},"39":{"start":{"line":68,"column":8},"end":{"line":68,"column":62}},"40":{"start":{"line":70,"column":8},"end":{"line":70,"column":64}},"41":{"start":{"line":76,"column":16},"end":{"line":76,"column":45}},"42":{"start":{"line":78,"column":2},"end":{"line":80,"column":3}},"43":{"start":{"line":79,"column":4},"end":{"line":79,"column":64}},"44":{"start":{"line":82,"column":2},"end":{"line":91,"column":3}},"45":{"start":{"line":83,"column":19},"end":{"line":83,"column":56}},"46":{"start":{"line":84,"column":4},"end":{"line":84,"column":40}},"47":{"start":{"line":86,"column":4},"end":{"line":90,"column":5}},"48":{"start":{"line":87,"column":8},"end":{"line":87,"column":62}},"49":{"start":{"line":89,"column":8},"end":{"line":89,"column":64}}},"fnMap":{"0":{"name":"registerUser","decl":{"start":{"line":7,"column":22},"end":{"line":7,"column":34}},"loc":{"start":{"line":7,"column":62},"end":{"line":20,"column":null}}},"1":{"name":"loginUser","decl":{"start":{"line":22,"column":22},"end":{"line":22,"column":31}},"loc":{"start":{"line":22,"column":59},"end":{"line":35,"column":null}}},"2":{"name":"getPersonByUsername","decl":{"start":{"line":38,"column":22},"end":{"line":38,"column":41}},"loc":{"start":{"line":38,"column":69},"end":{"line":54,"column":null}}},"3":{"name":"getPersonByEmail","decl":{"start":{"line":57,"column":22},"end":{"line":57,"column":38}},"loc":{"start":{"line":57,"column":66},"end":{"line":73,"column":null}}},"4":{"name":"logoutUser","decl":{"start":{"line":75,"column":22},"end":{"line":75,"column":32}},"loc":{"start":{"line":75,"column":60},"end":{"line":92,"column":null}}}},"branchMap":{"0":{"loc":{"start":{"line":14,"column":4},"end":{"line":18,"column":5}},"type":"if","locations":[{"start":{"line":14,"column":4},"end":{"line":18,"column":5}},{"start":{"line":16,"column":11},"end":{"line":18,"column":5}}]},"1":{"loc":{"start":{"line":29,"column":4},"end":{"line":33,"column":5}},"type":"if","locations":[{"start":{"line":29,"column":4},"end":{"line":33,"column":5}},{"start":{"line":31,"column":11},"end":{"line":33,"column":5}}]},"2":{"loc":{"start":{"line":42,"column":4},"end":{"line":44,"column":5}},"type":"if","locations":[{"start":{"line":42,"column":4},"end":{"line":44,"column":5}}]},"3":{"loc":{"start":{"line":48,"column":4},"end":{"line":52,"column":5}},"type":"if","locations":[{"start":{"line":48,"column":4},"end":{"line":52,"column":5}},{"start":{"line":50,"column":11},"end":{"line":52,"column":5}}]},"4":{"loc":{"start":{"line":61,"column":4},"end":{"line":63,"column":5}},"type":"if","locations":[{"start":{"line":61,"column":4},"end":{"line":63,"column":5}}]},"5":{"loc":{"start":{"line":67,"column":4},"end":{"line":71,"column":5}},"type":"if","locations":[{"start":{"line":67,"column":4},"end":{"line":71,"column":5}},{"start":{"line":69,"column":11},"end":{"line":71,"column":5}}]},"6":{"loc":{"start":{"line":78,"column":2},"end":{"line":80,"column":3}},"type":"if","locations":[{"start":{"line":78,"column":2},"end":{"line":80,"column":3}}]},"7":{"loc":{"start":{"line":86,"column":4},"end":{"line":90,"column":5}},"type":"if","locations":[{"start":{"line":86,"column":4},"end":{"line":90,"column":5}},{"start":{"line":88,"column":11},"end":{"line":90,"column":5}}]}},"s":{"0":7,"1":7,"2":7,"3":7,"4":7,"5":7,"6":7,"7":9,"8":9,"9":9,"10":9,"11":0,"12":0,"13":0,"14":3,"15":3,"16":3,"17":1,"18":2,"19":2,"20":0,"21":0,"22":0,"23":0,"24":0,"25":0,"26":0,"27":0,"28":0,"29":0,"30":0,"31":0,"32":0,"33":0,"34":0,"35":0,"36":0,"37":0,"38":0,"39":0,"40":0,"41":2,"42":2,"43":1,"44":1,"45":1,"46":1,"47":0,"48":0,"49":0},"f":{"0":9,"1":3,"2":0,"3":0,"4":2},"b":{"0":[0,0],"1":[2,0],"2":[0],"3":[0,0],"4":[0],"5":[0,0],"6":[1],"7":[0,0]}}
,"/mnt/c/Users/lukef/seng2021/SENG2021DebugThugs/src/database/DatabaseConnection.ts": {"path":"/mnt/c/Users/lukef/seng2021/SENG2021DebugThugs/src/database/DatabaseConnection.ts","statementMap":{"0":{"start":{"line":15,"column":0},"end":{"line":15,"column":22}},"1":{"start":{"line":1,"column":0},"end":{"line":1,"column":35}},"2":{"start":{"line":3,"column":13},"end":{"line":13,"column":3}},"3":{"start":{"line":16,"column":2},"end":{"line":64,"column":3}},"4":{"start":{"line":17,"column":4},"end":{"line":17,"column":44}},"5":{"start":{"line":19,"column":26},"end":{"line":25,"column":9}},"6":{"start":{"line":27,"column":25},"end":{"line":35,"column":9}},"7":{"start":{"line":37,"column":24},"end":{"line":48,"column":9}},"8":{"start":{"line":50,"column":27},"end":{"line":55,"column":9}},"9":{"start":{"line":58,"column":4},"end":{"line":58,"column":36}},"10":{"start":{"line":59,"column":4},"end":{"line":59,"column":35}},"11":{"start":{"line":60,"column":4},"end":{"line":60,"column":34}},"12":{"start":{"line":61,"column":4},"end":{"line":61,"column":37}},"13":{"start":{"line":63,"column":4},"end":{"line":63,"column":57}},"14":{"start":{"line":68,"column":0},"end":{"line":74,"column":67}},"15":{"start":{"line":70,"column":4},"end":{"line":70,"column":50}},"16":{"start":{"line":71,"column":4},"end":{"line":71,"column":22}},"17":{"start":{"line":73,"column":14},"end":{"line":73,"column":56}},"18":{"start":{"line":74,"column":18},"end":{"line":74,"column":65}}},"fnMap":{"0":{"name":"initDB","decl":{"start":{"line":15,"column":22},"end":{"line":15,"column":28}},"loc":{"start":{"line":15,"column":28},"end":{"line":65,"column":null}}},"1":{"name":"(anonymous_10)","decl":{"start":{"line":69,"column":8},"end":{"line":69,"column":11}},"loc":{"start":{"line":69,"column":13},"end":{"line":72,"column":3}}},"2":{"name":"(anonymous_11)","decl":{"start":{"line":73,"column":8},"end":{"line":73,"column":11}},"loc":{"start":{"line":73,"column":14},"end":{"line":73,"column":56}}},"3":{"name":"(anonymous_12)","decl":{"start":{"line":74,"column":9},"end":{"line":74,"column":10}},"loc":{"start":{"line":74,"column":18},"end":{"line":74,"column":65}}}},"branchMap":{},"s":{"0":7,"1":7,"2":7,"3":14,"4":14,"5":14,"6":14,"7":14,"8":14,"9":14,"10":14,"11":14,"12":14,"13":0,"14":7,"15":7,"16":7,"17":7,"18":0},"f":{"0":14,"1":7,"2":7,"3":0},"b":{}}
,"/mnt/c/Users/lukef/seng2021/SENG2021DebugThugs/src/domain/Order.ts": {"path":"/mnt/c/Users/lukef/seng2021/SENG2021DebugThugs/src/domain/Order.ts","statementMap":{"0":{"start":{"line":3,"column":11},"end":{"line":3,"column":27}},"1":{"start":{"line":4,"column":11},"end":{"line":4,"column":28}},"2":{"start":{"line":5,"column":11},"end":{"line":5,"column":54}},"3":{"start":{"line":6,"column":11},"end":{"line":6,"column":28}},"4":{"start":{"line":7,"column":11},"end":{"line":7,"column":31}},"5":{"start":{"line":8,"column":11},"end":{"line":8,"column":23}},"6":{"start":{"line":1,"column":0},"end":{"line":1,"column":13}},"7":{"start":{"line":14,"column":11},"end":{"line":14,"column":25}},"8":{"start":{"line":15,"column":11},"end":{"line":15,"column":31}},"9":{"start":{"line":16,"column":11},"end":{"line":16,"column":29}},"10":{"start":{"line":17,"column":11},"end":{"line":17,"column":25}},"11":{"start":{"line":18,"column":11},"end":{"line":18,"column":29}},"12":{"start":{"line":19,"column":11},"end":{"line":19,"column":33}},"13":{"start":{"line":12,"column":0},"end":{"line":12,"column":13}}},"fnMap":{"0":{"name":"(anonymous_1)","decl":{"start":{"line":13,"column":2},"end":{"line":13,"column":null}},"loc":{"start":{"line":19,"column":33},"end":{"line":20,"column":6}}}},"branchMap":{},"s":{"0":3,"1":3,"2":3,"3":3,"4":3,"5":3,"6":7,"7":0,"8":0,"9":0,"10":0,"11":0,"12":0,"13":7},"f":{"0":0},"b":{}}
,"/mnt/c/Users/lukef/seng2021/SENG2021DebugThugs/src/domain/Person.ts": {"path":"/mnt/c/Users/lukef/seng2021/SENG2021DebugThugs/src/domain/Person.ts","statementMap":{"0":{"start":{"line":3,"column":11},"end":{"line":3,"column":28}},"1":{"start":{"line":4,"column":11},"end":{"line":4,"column":27}},"2":{"start":{"line":5,"column":11},"end":{"line":5,"column":27}},"3":{"start":{"line":6,"column":11},"end":{"line":6,"column":24}},"4":{"start":{"line":1,"column":0},"end":{"line":1,"column":13}},"5":{"start":{"line":12,"column":11},"end":{"line":12,"column":24}},"6":{"start":{"line":13,"column":11},"end":{"line":13,"column":28}},"7":{"start":{"line":10,"column":0},"end":{"line":10,"column":13}}},"fnMap":{"0":{"name":"(anonymous_0)","decl":{"start":{"line":2,"column":2},"end":{"line":2,"column":null}},"loc":{"start":{"line":6,"column":24},"end":{"line":7,"column":6}}},"1":{"name":"(anonymous_1)","decl":{"start":{"line":11,"column":2},"end":{"line":11,"column":null}},"loc":{"start":{"line":13,"column":28},"end":{"line":14,"column":6}}}},"branchMap":{},"s":{"0":9,"1":9,"2":9,"3":9,"4":7,"5":10,"6":10,"7":7},"f":{"0":9,"1":10},"b":{}}
,"/mnt/c/Users/lukef/seng2021/SENG2021DebugThugs/src/repository/OrderRepository.ts": {"path":"/mnt/c/Users/lukef/seng2021/SENG2021DebugThugs/src/repository/OrderRepository.ts","statementMap":{"0":{"start":{"line":5,"column":10},"end":{"line":5,"column":47}},"1":{"start":{"line":7,"column":4},"end":{"line":7,"column":39}},"2":{"start":{"line":8,"column":4},"end":{"line":8,"column":17}},"3":{"start":{"line":12,"column":4},"end":{"line":12,"column":77}},"4":{"start":{"line":12,"column":44},"end":{"line":12,"column":67}},"5":{"start":{"line":16,"column":4},"end":{"line":16,"column":73}},"6":{"start":{"line":16,"column":46},"end":{"line":16,"column":71}},"7":{"start":{"line":21,"column":4},"end":{"line":21,"column":32}},"8":{"start":{"line":24,"column":4},"end":{"line":24,"column":23}},"9":{"start":{"line":3,"column":0},"end":{"line":3,"column":13}},"10":{"start":{"line":4,"column":17},"end":{"line":4,"column":35}}},"fnMap":{"0":{"name":"(anonymous_0)","decl":{"start":{"line":3,"column":0},"end":{"line":3,"column":13}},"loc":{"start":{"line":3,"column":0},"end":{"line":26,"column":1}}},"1":{"name":"(anonymous_1)","decl":{"start":{"line":6,"column":9},"end":{"line":6,"column":13}},"loc":{"start":{"line":6,"column":26},"end":{"line":9,"column":3}}},"2":{"name":"(anonymous_2)","decl":{"start":{"line":11,"column":9},"end":{"line":11,"column":23}},"loc":{"start":{"line":11,"column":40},"end":{"line":13,"column":3}}},"3":{"name":"(anonymous_3)","decl":{"start":{"line":12,"column":39},"end":{"line":12,"column":40}},"loc":{"start":{"line":12,"column":44},"end":{"line":12,"column":67}}},"4":{"name":"(anonymous_4)","decl":{"start":{"line":15,"column":9},"end":{"line":15,"column":27}},"loc":{"start":{"line":15,"column":45},"end":{"line":17,"column":3}}},"5":{"name":"(anonymous_5)","decl":{"start":{"line":16,"column":41},"end":{"line":16,"column":42}},"loc":{"start":{"line":16,"column":46},"end":{"line":16,"column":71}}},"6":{"name":"(anonymous_6)","decl":{"start":{"line":20,"column":9},"end":{"line":20,"column":14}},"loc":{"start":{"line":20,"column":14},"end":{"line":22,"column":3}}},"7":{"name":"(anonymous_7)","decl":{"start":{"line":23,"column":2},"end":{"line":23,"column":9}},"loc":{"start":{"line":23,"column":9},"end":{"line":25,"column":3}}}},"branchMap":{"0":{"loc":{"start":{"line":12,"column":11},"end":{"line":12,"column":76}},"type":"binary-expr","locations":[{"start":{"line":12,"column":11},"end":{"line":12,"column":68}},{"start":{"line":12,"column":72},"end":{"line":12,"column":76}}]}},"s":{"0":10,"1":3,"2":3,"3":4,"4":5,"5":0,"6":0,"7":1,"8":0,"9":7,"10":7},"f":{"0":10,"1":3,"2":4,"3":5,"4":0,"5":0,"6":1,"7":0},"b":{"0":[4,1]}}
,"/mnt/c/Users/lukef/seng2021/SENG2021DebugThugs/src/repository/PersonRepository.ts": {"path":"/mnt/c/Users/lukef/seng2021/SENG2021DebugThugs/src/repository/PersonRepository.ts","statementMap":{"0":{"start":{"line":1,"column":0},"end":{"line":1,"column":51}},"1":{"start":{"line":2,"column":0},"end":{"line":2,"column":36}},"2":{"start":{"line":8,"column":4},"end":{"line":8,"column":42}},"3":{"start":{"line":9,"column":4},"end":{"line":9,"column":18}},"4":{"start":{"line":13,"column":18},"end":{"line":13,"column":77}},"5":{"start":{"line":13,"column":53},"end":{"line":13,"column":76}},"6":{"start":{"line":14,"column":4},"end":{"line":14,"column":25}},"7":{"start":{"line":18,"column":18},"end":{"line":18,"column":71}},"8":{"start":{"line":18,"column":53},"end":{"line":18,"column":70}},"9":{"start":{"line":19,"column":4},"end":{"line":19,"column":25}},"10":{"start":{"line":4,"column":0},"end":{"line":4,"column":13}},"11":{"start":{"line":5,"column":17},"end":{"line":5,"column":40}},"12":{"start":{"line":27,"column":18},"end":{"line":27,"column":73}},"13":{"start":{"line":27,"column":55},"end":{"line":27,"column":72}},"14":{"start":{"line":28,"column":4},"end":{"line":28,"column":36}},"15":{"start":{"line":32,"column":18},"end":{"line":32,"column":26}},"16":{"start":{"line":33,"column":20},"end":{"line":33,"column":50}},"17":{"start":{"line":35,"column":4},"end":{"line":35,"column":45}},"18":{"start":{"line":37,"column":4},"end":{"line":37,"column":17}},"19":{"start":{"line":41,"column":4},"end":{"line":42,"column":42}},"20":{"start":{"line":42,"column":17},"end":{"line":42,"column":40}},"21":{"start":{"line":23,"column":0},"end":{"line":23,"column":13}},"22":{"start":{"line":24,"column":17},"end":{"line":24,"column":44}}},"fnMap":{"0":{"name":"(anonymous_0)","decl":{"start":{"line":7,"column":9},"end":{"line":7,"column":13}},"loc":{"start":{"line":7,"column":28},"end":{"line":10,"column":3}}},"1":{"name":"(anonymous_1)","decl":{"start":{"line":12,"column":9},"end":{"line":12,"column":23}},"loc":{"start":{"line":12,"column":40},"end":{"line":15,"column":3}}},"2":{"name":"(anonymous_2)","decl":{"start":{"line":13,"column":48},"end":{"line":13,"column":49}},"loc":{"start":{"line":13,"column":53},"end":{"line":13,"column":76}}},"3":{"name":"(anonymous_3)","decl":{"start":{"line":17,"column":9},"end":{"line":17,"column":20}},"loc":{"start":{"line":17,"column":34},"end":{"line":20,"column":3}}},"4":{"name":"(anonymous_4)","decl":{"start":{"line":18,"column":48},"end":{"line":18,"column":49}},"loc":{"start":{"line":18,"column":53},"end":{"line":18,"column":70}}},"5":{"name":"(anonymous_5)","decl":{"start":{"line":26,"column":9},"end":{"line":26,"column":31}},"loc":{"start":{"line":26,"column":45},"end":{"line":29,"column":3}}},"6":{"name":"(anonymous_6)","decl":{"start":{"line":27,"column":50},"end":{"line":27,"column":51}},"loc":{"start":{"line":27,"column":55},"end":{"line":27,"column":72}}},"7":{"name":"(anonymous_7)","decl":{"start":{"line":31,"column":9},"end":{"line":31,"column":21}},"loc":{"start":{"line":31,"column":39},"end":{"line":38,"column":3}}},"8":{"name":"(anonymous_8)","decl":{"start":{"line":40,"column":9},"end":{"line":40,"column":19}},"loc":{"start":{"line":40,"column":33},"end":{"line":43,"column":3}}},"9":{"name":"(anonymous_9)","decl":{"start":{"line":42,"column":6},"end":{"line":42,"column":13}},"loc":{"start":{"line":42,"column":17},"end":{"line":42,"column":40}}}},"branchMap":{"0":{"loc":{"start":{"line":14,"column":11},"end":{"line":14,"column":24}},"type":"binary-expr","locations":[{"start":{"line":14,"column":11},"end":{"line":14,"column":16}},{"start":{"line":14,"column":20},"end":{"line":14,"column":24}}]},"1":{"loc":{"start":{"line":19,"column":11},"end":{"line":19,"column":24}},"type":"binary-expr","locations":[{"start":{"line":19,"column":11},"end":{"line":19,"column":16}},{"start":{"line":19,"column":20},"end":{"line":19,"column":24}}]},"2":{"loc":{"start":{"line":28,"column":11},"end":{"line":28,"column":35}},"type":"binary-expr","locations":[{"start":{"line":28,"column":11},"end":{"line":28,"column":27}},{"start":{"line":28,"column":31},"end":{"line":28,"column":35}}]},"3":{"loc":{"start":{"line":28,"column":11},"end":{"line":28,"column":27}},"type":"cond-expr","locations":[{"start":{"line":28,"column":16},"end":{"line":28,"column":18}},{"start":{"line":28,"column":11},"end":{"line":28,"column":27}}]},"4":{"loc":{"start":{"line":28,"column":11},"end":{"line":28,"column":18}},"type":"binary-expr","locations":[{"start":{"line":28,"column":11},"end":{"line":28,"column":18}},{"start":{"line":28,"column":11},"end":{"line":28,"column":18}}]}},"s":{"0":7,"1":7,"2":9,"3":9,"4":4,"5":7,"6":4,"7":3,"8":5,"9":3,"10":7,"11":7,"12":13,"13":14,"14":13,"15":10,"16":10,"17":10,"18":10,"19":1,"20":1,"21":7,"22":7},"f":{"0":9,"1":4,"2":7,"3":3,"4":5,"5":13,"6":14,"7":10,"8":1,"9":1},"b":{"0":[4,3],"1":[3,1],"2":[13,2],"3":[2,11],"4":[13,13]}}
,"/mnt/c/Users/lukef/seng2021/SENG2021DebugThugs/src/routes/OrderRoutes.ts": {"path":"/mnt/c/Users/lukef/seng2021/SENG2021DebugThugs/src/routes/OrderRoutes.ts","statementMap":{"0":{"start":{"line":1,"column":0},"end":{"line":1,"column":33}},"1":{"start":{"line":2,"column":0},"end":{"line":2,"column":null}},"2":{"start":{"line":10,"column":0},"end":{"line":10,"column":64}},"3":{"start":{"line":12,"column":15},"end":{"line":12,"column":23}},"4":{"start":{"line":17,"column":0},"end":{"line":17,"column":45}},"5":{"start":{"line":19,"column":0},"end":{"line":19,"column":62}},"6":{"start":{"line":24,"column":0},"end":{"line":24,"column":52}},"7":{"start":{"line":27,"column":0},"end":{"line":27,"column":58}},"8":{"start":{"line":30,"column":0},"end":{"line":30,"column":47}},"9":{"start":{"line":31,"column":0},"end":{"line":31,"column":45}},"10":{"start":{"line":34,"column":0},"end":{"line":42,"column":3}},"11":{"start":{"line":35,"column":2},"end":{"line":41,"column":3}},"12":{"start":{"line":36,"column":17},"end":{"line":36,"column":38}},"13":{"start":{"line":37,"column":4},"end":{"line":37,"column":17}},"14":{"start":{"line":38,"column":4},"end":{"line":38,"column":72}},"15":{"start":{"line":40,"column":4},"end":{"line":40,"column":61}},"16":{"start":{"line":44,"column":0},"end":{"line":44,"column":47}},"17":{"start":{"line":46,"column":0},"end":{"line":46,"column":39}},"18":{"start":{"line":47,"column":0},"end":{"line":47,"column":44}},"19":{"start":{"line":49,"column":0},"end":{"line":49,"column":22}}},"fnMap":{"0":{"name":"(anonymous_0)","decl":{"start":{"line":34,"column":27},"end":{"line":34,"column":28}},"loc":{"start":{"line":34,"column":40},"end":{"line":42,"column":1}}}},"branchMap":{},"s":{"0":7,"1":7,"2":7,"3":7,"4":7,"5":7,"6":7,"7":7,"8":7,"9":7,"10":7,"11":1,"12":1,"13":1,"14":1,"15":0,"16":7,"17":7,"18":7,"19":7},"f":{"0":1},"b":{}}
,"/mnt/c/Users/lukef/seng2021/SENG2021DebugThugs/src/routes/PersonRoutes.ts": {"path":"/mnt/c/Users/lukef/seng2021/SENG2021DebugThugs/src/routes/PersonRoutes.ts","statementMap":{"0":{"start":{"line":1,"column":0},"end":{"line":1,"column":33}},"1":{"start":{"line":2,"column":0},"end":{"line":2,"column":null}},"2":{"start":{"line":10,"column":15},"end":{"line":10,"column":23}},"3":{"start":{"line":13,"column":0},"end":{"line":13,"column":46}},"4":{"start":{"line":15,"column":0},"end":{"line":15,"column":40}},"5":{"start":{"line":24,"column":0},"end":{"line":24,"column":44}},"6":{"start":{"line":26,"column":0},"end":{"line":26,"column":22}}},"fnMap":{},"branchMap":{},"s":{"0":7,"1":7,"2":7,"3":7,"4":7,"5":7,"6":7},"f":{},"b":{}}
,"/mnt/c/Users/lukef/seng2021/SENG2021DebugThugs/src/services/OrderService.ts": {"path":"/mnt/c/Users/lukef/seng2021/SENG2021DebugThugs/src/services/OrderService.ts","statementMap":{"0":{"start":{"line":1,"column":0},"end":{"line":1,"column":64}},"1":{"start":{"line":2,"column":0},"end":{"line":2,"column":46}},"2":{"start":{"line":3,"column":0},"end":{"line":3,"column":36}},"3":{"start":{"line":4,"column":0},"end":{"line":4,"column":46}},"4":{"start":{"line":5,"column":14},"end":{"line":5,"column":31}},"5":{"start":{"line":13,"column":4},"end":{"line":13,"column":43}},"6":{"start":{"line":30,"column":26},"end":{"line":30,"column":42}},"7":{"start":{"line":32,"column":4},"end":{"line":36,"column":5}},"8":{"start":{"line":33,"column":6},"end":{"line":33,"column":52}},"9":{"start":{"line":35,"column":6},"end":{"line":35,"column":39}},"10":{"start":{"line":39,"column":21},"end":{"line":39,"column":29}},"11":{"start":{"line":42,"column":21},"end":{"line":42,"column":88}},"12":{"start":{"line":43,"column":4},"end":{"line":43,"column":34}},"13":{"start":{"line":45,"column":4},"end":{"line":45,"column":20}},"14":{"start":{"line":54,"column":18},"end":{"line":54,"column":57}},"15":{"start":{"line":56,"column":4},"end":{"line":58,"column":5}},"16":{"start":{"line":57,"column":6},"end":{"line":57,"column":46}},"17":{"start":{"line":60,"column":27},"end":{"line":75,"column":6}},"18":{"start":{"line":64,"column":45},"end":{"line":73,"column":8}},"19":{"start":{"line":77,"column":21},"end":{"line":77,"column":68}},"20":{"start":{"line":78,"column":21},"end":{"line":78,"column":65}},"21":{"start":{"line":80,"column":4},"end":{"line":80,"column":25}},"22":{"start":{"line":82,"column":4},"end":{"line":82,"column":20}},"23":{"start":{"line":86,"column":4},"end":{"line":86,"column":51}},"24":{"start":{"line":90,"column":4},"end":{"line":90,"column":56}},"25":{"start":{"line":94,"column":18},"end":{"line":94,"column":57}},"26":{"start":{"line":96,"column":4},"end":{"line":98,"column":5}},"27":{"start":{"line":97,"column":6},"end":{"line":97,"column":19}},"28":{"start":{"line":99,"column":4},"end":{"line":99,"column":29}},"29":{"start":{"line":100,"column":4},"end":{"line":100,"column":16}},"30":{"start":{"line":9,"column":0},"end":{"line":9,"column":13}}},"fnMap":{"0":{"name":"(anonymous_7)","decl":{"start":{"line":12,"column":2},"end":{"line":12,"column":null}},"loc":{"start":{"line":12,"column":2},"end":{"line":14,"column":3}}},"1":{"name":"(anonymous_8)","decl":{"start":{"line":23,"column":15},"end":{"line":23,"column":26}},"loc":{"start":{"line":27,"column":24},"end":{"line":46,"column":null}}},"2":{"name":"(anonymous_10)","decl":{"start":{"line":53,"column":15},"end":{"line":53,"column":23}},"loc":{"start":{"line":53,"column":40},"end":{"line":83,"column":null}}},"3":{"name":"(anonymous_12)","decl":{"start":{"line":64,"column":36},"end":{"line":64,"column":40}},"loc":{"start":{"line":64,"column":45},"end":{"line":73,"column":8}}},"4":{"name":"(anonymous_13)","decl":{"start":{"line":85,"column":15},"end":{"line":85,"column":28}},"loc":{"start":{"line":85,"column":45},"end":{"line":87,"column":null}}},"5":{"name":"(anonymous_15)","decl":{"start":{"line":89,"column":15},"end":{"line":89,"column":38}},"loc":{"start":{"line":89,"column":56},"end":{"line":91,"column":null}}},"6":{"name":"(anonymous_17)","decl":{"start":{"line":93,"column":15},"end":{"line":93,"column":26}},"loc":{"start":{"line":93,"column":43},"end":{"line":101,"column":null}}}},"branchMap":{"0":{"loc":{"start":{"line":56,"column":4},"end":{"line":58,"column":5}},"type":"if","locations":[{"start":{"line":56,"column":4},"end":{"line":58,"column":5}}]},"1":{"loc":{"start":{"line":64,"column":16},"end":{"line":73,"column":9}},"type":"cond-expr","locations":[{"start":{"line":64,"column":30},"end":{"line":64,"column":32}},{"start":{"line":64,"column":30},"end":{"line":73,"column":9}}]},"2":{"loc":{"start":{"line":64,"column":16},"end":{"line":64,"column":32}},"type":"binary-expr","locations":[{"start":{"line":64,"column":16},"end":{"line":64,"column":32}},{"start":{"line":64,"column":30},"end":{"line":64,"column":32}}]},"3":{"loc":{"start":{"line":96,"column":4},"end":{"line":98,"column":5}},"type":"if","locations":[{"start":{"line":96,"column":4},"end":{"line":98,"column":5}}]},"4":{"loc":{"start":{"line":96,"column":8},"end":{"line":96,"column":44}},"type":"binary-expr","locations":[{"start":{"line":96,"column":8},"end":{"line":96,"column":14}},{"start":{"line":96,"column":18},"end":{"line":96,"column":44}}]}},"s":{"0":7,"1":7,"2":7,"3":7,"4":7,"5":7,"6":4,"7":4,"8":4,"9":1,"10":3,"11":3,"12":3,"13":3,"14":2,"15":2,"16":1,"17":1,"18":1,"19":1,"20":1,"21":1,"22":1,"23":0,"24":0,"25":0,"26":0,"27":0,"28":0,"29":0,"30":7},"f":{"0":7,"1":4,"2":2,"3":1,"4":0,"5":0,"6":0},"b":{"0":[1],"1":[0,1],"2":[1,1],"3":[0],"4":[0,0]}}
,"/mnt/c/Users/lukef/seng2021/SENG2021DebugThugs/src/services/PersonService.ts": {"path":"/mnt/c/Users/lukef/seng2021/SENG2021DebugThugs/src/services/PersonService.ts","statementMap":{"0":{"start":{"line":1,"column":0},"end":{"line":1,"column":85}},"1":{"start":{"line":2,"column":0},"end":{"line":2,"column":42}},"2":{"start":{"line":3,"column":0},"end":{"line":3,"column":36}},"3":{"start":{"line":4,"column":0},"end":{"line":4,"column":46}},"4":{"start":{"line":11,"column":4},"end":{"line":11,"column":45}},"5":{"start":{"line":12,"column":4},"end":{"line":12,"column":47}},"6":{"start":{"line":23,"column":22},"end":{"line":23,"column":30}},"7":{"start":{"line":24,"column":22},"end":{"line":24,"column":70}},"8":{"start":{"line":27,"column":4},"end":{"line":27,"column":36}},"9":{"start":{"line":30,"column":21},"end":{"line":30,"column":61}},"10":{"start":{"line":32,"column":4},"end":{"line":32,"column":20}},"11":{"start":{"line":43,"column":23},"end":{"line":43,"column":39}},"12":{"start":{"line":46,"column":4},"end":{"line":54,"column":5}},"13":{"start":{"line":47,"column":6},"end":{"line":47,"column":44}},"14":{"start":{"line":49,"column":6},"end":{"line":53,"column":7}},"15":{"start":{"line":50,"column":8},"end":{"line":50,"column":39}},"16":{"start":{"line":52,"column":8},"end":{"line":52,"column":41}},"17":{"start":{"line":57,"column":4},"end":{"line":65,"column":5}},"18":{"start":{"line":58,"column":6},"end":{"line":58,"column":50}},"19":{"start":{"line":60,"column":6},"end":{"line":64,"column":7}},"20":{"start":{"line":61,"column":8},"end":{"line":61,"column":39}},"21":{"start":{"line":63,"column":8},"end":{"line":63,"column":41}},"22":{"start":{"line":68,"column":18},"end":{"line":68,"column":63}},"23":{"start":{"line":69,"column":4},"end":{"line":69,"column":17}},"24":{"start":{"line":78,"column":26},"end":{"line":78,"column":42}},"25":{"start":{"line":79,"column":22},"end":{"line":79,"column":68}},"26":{"start":{"line":80,"column":4},"end":{"line":82,"column":5}},"27":{"start":{"line":81,"column":6},"end":{"line":81,"column":39}},"28":{"start":{"line":84,"column":4},"end":{"line":92,"column":5}},"29":{"start":{"line":85,"column":6},"end":{"line":85,"column":52}},"30":{"start":{"line":87,"column":6},"end":{"line":91,"column":7}},"31":{"start":{"line":88,"column":8},"end":{"line":88,"column":41}},"32":{"start":{"line":90,"column":8},"end":{"line":90,"column":41}},"33":{"start":{"line":94,"column":4},"end":{"line":94,"column":39}},"34":{"start":{"line":95,"column":4},"end":{"line":95,"column":14}},"35":{"start":{"line":99,"column":4},"end":{"line":99,"column":52}},"36":{"start":{"line":103,"column":4},"end":{"line":103,"column":46}},"37":{"start":{"line":6,"column":0},"end":{"line":6,"column":13}}},"fnMap":{"0":{"name":"(anonymous_7)","decl":{"start":{"line":10,"column":2},"end":{"line":10,"column":null}},"loc":{"start":{"line":10,"column":2},"end":{"line":13,"column":3}}},"1":{"name":"(anonymous_8)","decl":{"start":{"line":22,"column":15},"end":{"line":22,"column":27}},"loc":{"start":{"line":22,"column":77},"end":{"line":33,"column":null}}},"2":{"name":"(anonymous_10)","decl":{"start":{"line":41,"column":15},"end":{"line":41,"column":24}},"loc":{"start":{"line":41,"column":60},"end":{"line":70,"column":null}}},"3":{"name":"(anonymous_12)","decl":{"start":{"line":76,"column":15},"end":{"line":76,"column":25}},"loc":{"start":{"line":76,"column":39},"end":{"line":96,"column":null}}},"4":{"name":"(anonymous_14)","decl":{"start":{"line":98,"column":15},"end":{"line":98,"column":34}},"loc":{"start":{"line":98,"column":51},"end":{"line":100,"column":null}}},"5":{"name":"(anonymous_16)","decl":{"start":{"line":102,"column":15},"end":{"line":102,"column":31}},"loc":{"start":{"line":102,"column":45},"end":{"line":104,"column":null}}}},"branchMap":{"0":{"loc":{"start":{"line":49,"column":6},"end":{"line":53,"column":7}},"type":"if","locations":[{"start":{"line":49,"column":6},"end":{"line":53,"column":7}},{"start":{"line":51,"column":13},"end":{"line":53,"column":7}}]},"1":{"loc":{"start":{"line":60,"column":6},"end":{"line":64,"column":7}},"type":"if","locations":[{"start":{"line":60,"column":6},"end":{"line":64,"column":7}},{"start":{"line":62,"column":13},"end":{"line":64,"column":7}}]},"2":{"loc":{"start":{"line":80,"column":4},"end":{"line":82,"column":5}},"type":"if","locations":[{"start":{"line":80,"column":4},"end":{"line":82,"column":5}}]},"3":{"loc":{"start":{"line":87,"column":6},"end":{"line":91,"column":7}},"type":"if","locations":[{"start":{"line":87,"column":6},"end":{"line":91,"column":7}},{"start":{"line":89,"column":13},"end":{"line":91,"column":7}}]}},"s":{"0":7,"1":7,"2":7,"3":7,"4":7,"5":7,"6":9,"7":9,"8":9,"9":9,"10":9,"11":3,"12":3,"13":3,"14":1,"15":1,"16":0,"17":2,"18":2,"19":1,"20":1,"21":0,"22":1,"23":1,"24":1,"25":1,"26":1,"27":0,"28":1,"29":1,"30":0,"31":0,"32":0,"33":1,"34":1,"35":0,"36":0,"37":7},"f":{"0":7,"1":9,"2":3,"3":1,"4":0,"5":0},"b":{"0":[1,0],"1":[1,0],"2":[0],"3":[0,0]}}
,"/mnt/c/Users/lukef/seng2021/SENG2021DebugThugs/src/services/ServicesHelper.ts": {"path":"/mnt/c/Users/lukef/seng2021/SENG2021DebugThugs/src/services/ServicesHelper.ts","statementMap":{"0":{"start":{"line":2,"column":0},"end":{"line":2,"column":85}},"1":{"start":{"line":9,"column":4},"end":{"line":9,"column":47}},"2":{"start":{"line":10,"column":4},"end":{"line":10,"column":45}},"3":{"start":{"line":17,"column":27},"end":{"line":17,"column":73}},"4":{"start":{"line":18,"column":4},"end":{"line":22,"column":5}},"5":{"start":{"line":19,"column":6},"end":{"line":19,"column":51}},"6":{"start":{"line":20,"column":11},"end":{"line":22,"column":5}},"7":{"start":{"line":21,"column":6},"end":{"line":21,"column":67}},"8":{"start":{"line":27,"column":15},"end":{"line":27,"column":56}},"9":{"start":{"line":28,"column":4},"end":{"line":30,"column":5}},"10":{"start":{"line":29,"column":6},"end":{"line":29,"column":52}},"11":{"start":{"line":31,"column":4},"end":{"line":33,"column":5}},"12":{"start":{"line":32,"column":6},"end":{"line":32,"column":40}},"13":{"start":{"line":35,"column":4},"end":{"line":35,"column":16}},"14":{"start":{"line":40,"column":4},"end":{"line":42,"column":5}},"15":{"start":{"line":41,"column":6},"end":{"line":41,"column":42}},"16":{"start":{"line":4,"column":0},"end":{"line":4,"column":13}}},"fnMap":{"0":{"name":"(anonymous_0)","decl":{"start":{"line":8,"column":2},"end":{"line":8,"column":null}},"loc":{"start":{"line":8,"column":2},"end":{"line":11,"column":3}}},"1":{"name":"(anonymous_1)","decl":{"start":{"line":13,"column":9},"end":{"line":13,"column":22}},"loc":{"start":{"line":15,"column":21},"end":{"line":23,"column":3}}},"2":{"name":"(anonymous_2)","decl":{"start":{"line":26,"column":9},"end":{"line":26,"column":17}},"loc":{"start":{"line":26,"column":32},"end":{"line":36,"column":3}}},"3":{"name":"(anonymous_3)","decl":{"start":{"line":39,"column":9},"end":{"line":39,"column":25}},"loc":{"start":{"line":39,"column":56},"end":{"line":43,"column":3}}}},"branchMap":{"0":{"loc":{"start":{"line":18,"column":4},"end":{"line":22,"column":5}},"type":"if","locations":[{"start":{"line":18,"column":4},"end":{"line":22,"column":5}},{"start":{"line":20,"column":11},"end":{"line":22,"column":5}}]},"1":{"loc":{"start":{"line":20,"column":11},"end":{"line":22,"column":5}},"type":"if","locations":[{"start":{"line":20,"column":11},"end":{"line":22,"column":5}}]},"2":{"loc":{"start":{"line":28,"column":4},"end":{"line":30,"column":5}},"type":"if","locations":[{"start":{"line":28,"column":4},"end":{"line":30,"column":5}}]},"3":{"loc":{"start":{"line":31,"column":4},"end":{"line":33,"column":5}},"type":"if","locations":[{"start":{"line":31,"column":4},"end":{"line":33,"column":5}}]},"4":{"loc":{"start":{"line":40,"column":4},"end":{"line":42,"column":5}},"type":"if","locations":[{"start":{"line":40,"column":4},"end":{"line":42,"column":5}}]}},"s":{"0":7,"1":8,"2":8,"3":5,"4":5,"5":1,"6":4,"7":0,"8":3,"9":3,"10":3,"11":3,"12":1,"13":2,"14":2,"15":1,"16":7},"f":{"0":8,"1":5,"2":3,"3":2},"b":{"0":[1,4],"1":[0],"2":[3],"3":[1],"4":[1]}}
,"/mnt/c/Users/lukef/seng2021/SENG2021DebugThugs/src/tests/testHelper.ts": {"path":"/mnt/c/Users/lukef/seng2021/SENG2021DebugThugs/src/tests/testHelper.ts","statementMap":{"0":{"start":{"line":8,"column":0},"end":{"line":8,"column":22}},"1":{"start":{"line":15,"column":0},"end":{"line":15,"column":22}},"2":{"start":{"line":37,"column":0},"end":{"line":37,"column":22}},"3":{"start":{"line":54,"column":0},"end":{"line":54,"column":22}},"4":{"start":{"line":77,"column":0},"end":{"line":77,"column":22}},"5":{"start":{"line":88,"column":0},"end":{"line":88,"column":22}},"6":{"start":{"line":1,"column":0},"end":{"line":1,"column":26}},"7":{"start":{"line":2,"column":0},"end":{"line":2,"column":31}},"8":{"start":{"line":5,"column":19},"end":{"line":5,"column":45}},"9":{"start":{"line":9,"column":2},"end":{"line":9,"column":47}},"10":{"start":{"line":10,"column":2},"end":{"line":10,"column":59}},"11":{"start":{"line":10,"column":33},"end":{"line":10,"column":57}},"12":{"start":{"line":11,"column":2},"end":{"line":11,"column":70}},"13":{"start":{"line":11,"column":39},"end":{"line":11,"column":68}},"14":{"start":{"line":11,"column":58},"end":{"line":11,"column":67}},"15":{"start":{"line":20,"column":4},"end":{"line":33,"column":5}},"16":{"start":{"line":21,"column":18},"end":{"line":28,"column":null}},"17":{"start":{"line":30,"column":6},"end":{"line":30,"column":17}},"18":{"start":{"line":32,"column":6},"end":{"line":32,"column":18}},"19":{"start":{"line":38,"column":2},"end":{"line":51,"column":3}},"20":{"start":{"line":39,"column":16},"end":{"line":46,"column":null}},"21":{"start":{"line":48,"column":4},"end":{"line":48,"column":15}},"22":{"start":{"line":50,"column":4},"end":{"line":50,"column":16}},"23":{"start":{"line":60,"column":4},"end":{"line":74,"column":5}},"24":{"start":{"line":61,"column":18},"end":{"line":69,"column":null}},"25":{"start":{"line":71,"column":6},"end":{"line":71,"column":17}},"26":{"start":{"line":73,"column":6},"end":{"line":73,"column":18}},"27":{"start":{"line":78,"column":2},"end":{"line":85,"column":3}},"28":{"start":{"line":79,"column":16},"end":{"line":80,"column":null}},"29":{"start":{"line":82,"column":4},"end":{"line":82,"column":15}},"30":{"start":{"line":84,"column":4},"end":{"line":84,"column":16}},"31":{"start":{"line":89,"column":2},"end":{"line":100,"column":3}},"32":{"start":{"line":90,"column":16},"end":{"line":95,"column":null}},"33":{"start":{"line":97,"column":4},"end":{"line":97,"column":15}},"34":{"start":{"line":99,"column":4},"end":{"line":99,"column":16}}},"fnMap":{"0":{"name":"closeServer","decl":{"start":{"line":8,"column":22},"end":{"line":8,"column":33}},"loc":{"start":{"line":8,"column":83},"end":{"line":12,"column":null}}},"1":{"name":"(anonymous_10)","decl":{"start":{"line":10,"column":20},"end":{"line":10,"column":21}},"loc":{"start":{"line":10,"column":33},"end":{"line":10,"column":57}}},"2":{"name":"(anonymous_11)","decl":{"start":{"line":11,"column":26},"end":{"line":11,"column":27}},"loc":{"start":{"line":11,"column":39},"end":{"line":11,"column":68}}},"3":{"name":"(anonymous_12)","decl":{"start":{"line":11,"column":52},"end":{"line":11,"column":55}},"loc":{"start":{"line":11,"column":58},"end":{"line":11,"column":67}}},"4":{"name":"registerUserRequest","decl":{"start":{"line":15,"column":22},"end":{"line":15,"column":41}},"loc":{"start":{"line":18,"column":15},"end":{"line":34,"column":null}}},"5":{"name":"loginUserRequest","decl":{"start":{"line":37,"column":22},"end":{"line":37,"column":38}},"loc":{"start":{"line":37,"column":74},"end":{"line":52,"column":null}}},"6":{"name":"createOrder","decl":{"start":{"line":54,"column":22},"end":{"line":54,"column":33}},"loc":{"start":{"line":58,"column":22},"end":{"line":75,"column":null}}},"7":{"name":"fetchXmlRequest","decl":{"start":{"line":77,"column":22},"end":{"line":77,"column":37}},"loc":{"start":{"line":77,"column":54},"end":{"line":86,"column":null}}},"8":{"name":"logoutUserReq","decl":{"start":{"line":88,"column":22},"end":{"line":88,"column":35}},"loc":{"start":{"line":88,"column":49},"end":{"line":101,"column":null}}}},"branchMap":{},"s":{"0":7,"1":7,"2":7,"3":7,"4":7,"5":7,"6":7,"7":7,"8":7,"9":7,"10":7,"11":7,"12":7,"13":7,"14":7,"15":9,"16":9,"17":9,"18":0,"19":3,"20":3,"21":1,"22":2,"23":3,"24":3,"25":3,"26":0,"27":2,"28":2,"29":1,"30":1,"31":2,"32":2,"33":1,"34":1},"f":{"0":7,"1":7,"2":7,"3":7,"4":9,"5":3,"6":3,"7":2,"8":2},"b":{}}
}
