{"/Users/AMadayag/2021/SENG2021DebugThugs/src/index.ts": {"path":"/Users/AMadayag/2021/SENG2021DebugThugs/src/index.ts","statementMap":{"0":{"start":{"line":1,"column":0},"end":{"line":1,"column":47}},"1":{"start":{"line":2,"column":0},"end":{"line":2,"column":48}},"2":{"start":{"line":3,"column":0},"end":{"line":3,"column":29}},"3":{"start":{"line":4,"column":0},"end":{"line":4,"column":31}},"4":{"start":{"line":5,"column":0},"end":{"line":5,"column":25}},"5":{"start":{"line":6,"column":0},"end":{"line":6,"column":24}},"6":{"start":{"line":8,"column":0},"end":{"line":8,"column":49}},"7":{"start":{"line":9,"column":0},"end":{"line":9,"column":47}},"8":{"start":{"line":10,"column":0},"end":{"line":10,"column":64}},"9":{"start":{"line":12,"column":25},"end":{"line":12,"column":34}},"10":{"start":{"line":15,"column":0},"end":{"line":15,"column":16}},"11":{"start":{"line":16,"column":0},"end":{"line":16,"column":24}},"12":{"start":{"line":19,"column":0},"end":{"line":26,"column":5}},"13":{"start":{"line":19,"column":12},"end":{"line":26,"column":2}},"14":{"start":{"line":20,"column":2},"end":{"line":25,"column":3}},"15":{"start":{"line":21,"column":4},"end":{"line":21,"column":19}},"16":{"start":{"line":22,"column":4},"end":{"line":22,"column":41}},"17":{"start":{"line":24,"column":4},"end":{"line":24,"column":49}},"18":{"start":{"line":32,"column":0},"end":{"line":32,"column":37}},"19":{"start":{"line":33,"column":0},"end":{"line":33,"column":35}},"20":{"start":{"line":35,"column":0},"end":{"line":39,"column":1}},"21":{"start":{"line":36,"column":2},"end":{"line":36,"column":59}},"22":{"start":{"line":38,"column":2},"end":{"line":38,"column":69}},"23":{"start":{"line":41,"column":24},"end":{"line":41,"column":85}},"24":{"start":{"line":43,"column":16},"end":{"line":43,"column":92}},"25":{"start":{"line":45,"column":0},"end":{"line":49,"column":4}},"26":{"start":{"line":52,"column":0},"end":{"line":56,"column":3}},"27":{"start":{"line":52,"column":32},"end":{"line":56,"column":2}},"28":{"start":{"line":53,"column":2},"end":{"line":53,"column":50}},"29":{"start":{"line":54,"column":2},"end":{"line":54,"column":18}},"30":{"start":{"line":55,"column":2},"end":{"line":55,"column":17}},"31":{"start":{"line":59,"column":0},"end":{"line":61,"column":3}},"32":{"start":{"line":60,"column":2},"end":{"line":60,"column":47}},"33":{"start":{"line":64,"column":0},"end":{"line":64,"column":19}}},"fnMap":{"0":{"name":"(anonymous_17)","decl":{"start":{"line":19,"column":1},"end":{"line":19,"column":10}},"loc":{"start":{"line":19,"column":12},"end":{"line":26,"column":2}}},"1":{"name":"(anonymous_18)","decl":{"start":{"line":19,"column":12},"end":{"line":19,"column":null}},"loc":{"start":{"line":19,"column":12},"end":{"line":26,"column":1}}},"2":{"name":"(anonymous_19)","decl":{"start":{"line":52,"column":21},"end":{"line":52,"column":30}},"loc":{"start":{"line":52,"column":32},"end":{"line":56,"column":2}}},"3":{"name":"(anonymous_20)","decl":{"start":{"line":52,"column":32},"end":{"line":52,"column":null}},"loc":{"start":{"line":52,"column":32},"end":{"line":56,"column":1}}},"4":{"name":"(anonymous_21)","decl":{"start":{"line":59,"column":8},"end":{"line":59,"column":9}},"loc":{"start":{"line":59,"column":21},"end":{"line":61,"column":1}}}},"branchMap":{"0":{"loc":{"start":{"line":35,"column":0},"end":{"line":39,"column":1}},"type":"if","locations":[{"start":{"line":35,"column":0},"end":{"line":39,"column":1}},{"start":{"line":37,"column":7},"end":{"line":39,"column":1}}]}},"s":{"0":9,"1":9,"2":9,"3":9,"4":9,"5":9,"6":9,"7":9,"8":9,"9":9,"10":9,"11":9,"12":9,"13":9,"14":9,"15":9,"16":9,"17":0,"18":9,"19":9,"20":9,"21":9,"22":0,"23":9,"24":9,"25":9,"26":9,"27":0,"28":0,"29":0,"30":0,"31":9,"32":0,"33":9},"f":{"0":9,"1":9,"2":0,"3":0,"4":0},"b":{"0":[9,0]}}
,"/Users/AMadayag/2021/SENG2021DebugThugs/src/startServer.ts": {"path":"/Users/AMadayag/2021/SENG2021DebugThugs/src/startServer.ts","statementMap":{"0":{"start":{"line":9,"column":0},"end":{"line":9,"column":22}},"1":{"start":{"line":24,"column":0},"end":{"line":24,"column":22}},"2":{"start":{"line":1,"column":0},"end":{"line":1,"column":26}},"3":{"start":{"line":2,"column":0},"end":{"line":2,"column":64}},"4":{"start":{"line":5,"column":13},"end":{"line":5,"column":37}},"5":{"start":{"line":7,"column":28},"end":{"line":7,"column":32}},"6":{"start":{"line":10,"column":2},"end":{"line":10,"column":17}},"7":{"start":{"line":11,"column":2},"end":{"line":20,"column":5}},"8":{"start":{"line":12,"column":4},"end":{"line":19,"column":5}},"9":{"start":{"line":13,"column":6},"end":{"line":16,"column":9}},"10":{"start":{"line":14,"column":8},"end":{"line":14,"column":54}},"11":{"start":{"line":15,"column":8},"end":{"line":15,"column":25}},"12":{"start":{"line":18,"column":6},"end":{"line":18,"column":18}},"13":{"start":{"line":25,"column":2},"end":{"line":29,"column":3}},"14":{"start":{"line":26,"column":4},"end":{"line":26,"column":20}},"15":{"start":{"line":27,"column":4},"end":{"line":27,"column":19}},"16":{"start":{"line":28,"column":4},"end":{"line":28,"column":35}}},"fnMap":{"0":{"name":"startServer","decl":{"start":{"line":9,"column":22},"end":{"line":9,"column":33}},"loc":{"start":{"line":9,"column":33},"end":{"line":21,"column":null}}},"1":{"name":"(anonymous_10)","decl":{"start":{"line":11,"column":21},"end":{"line":11,"column":22}},"loc":{"start":{"line":11,"column":41},"end":{"line":20,"column":3}}},"2":{"name":"(anonymous_11)","decl":{"start":{"line":13,"column":32},"end":{"line":13,"column":35}},"loc":{"start":{"line":13,"column":37},"end":{"line":16,"column":7}}},"3":{"name":"stopServer","decl":{"start":{"line":24,"column":22},"end":{"line":24,"column":32}},"loc":{"start":{"line":24,"column":32},"end":{"line":30,"column":null}}}},"branchMap":{"0":{"loc":{"start":{"line":5,"column":13},"end":{"line":5,"column":37}},"type":"binary-expr","locations":[{"start":{"line":5,"column":13},"end":{"line":5,"column":29}},{"start":{"line":5,"column":33},"end":{"line":5,"column":37}}]},"1":{"loc":{"start":{"line":25,"column":2},"end":{"line":29,"column":3}},"type":"if","locations":[{"start":{"line":25,"column":2},"end":{"line":29,"column":3}}]}},"s":{"0":9,"1":9,"2":9,"3":9,"4":9,"5":9,"6":9,"7":9,"8":9,"9":9,"10":9,"11":9,"12":0,"13":9,"14":9,"15":9,"16":9},"f":{"0":9,"1":9,"2":9,"3":9},"b":{"0":[9,9],"1":[9]}}
,"/Users/AMadayag/2021/SENG2021DebugThugs/src/controllers/OrderController.ts": {"path":"/Users/AMadayag/2021/SENG2021DebugThugs/src/controllers/OrderController.ts","statementMap":{"0":{"start":{"line":10,"column":0},"end":{"line":10,"column":22}},"1":{"start":{"line":32,"column":0},"end":{"line":32,"column":22}},"2":{"start":{"line":60,"column":0},"end":{"line":60,"column":22}},"3":{"start":{"line":74,"column":0},"end":{"line":74,"column":22}},"4":{"start":{"line":2,"column":0},"end":{"line":2,"column":56}},"5":{"start":{"line":4,"column":0},"end":{"line":4,"column":64}},"6":{"start":{"line":6,"column":21},"end":{"line":6,"column":39}},"7":{"start":{"line":11,"column":16},"end":{"line":11,"column":45}},"8":{"start":{"line":12,"column":50},"end":{"line":12,"column":58}},"9":{"start":{"line":14,"column":2},"end":{"line":16,"column":3}},"10":{"start":{"line":15,"column":4},"end":{"line":15,"column":57}},"11":{"start":{"line":18,"column":2},"end":{"line":28,"column":3}},"12":{"start":{"line":19,"column":19},"end":{"line":20,"column":21}},"13":{"start":{"line":21,"column":4},"end":{"line":21,"column":37}},"14":{"start":{"line":23,"column":4},"end":{"line":27,"column":5}},"15":{"start":{"line":24,"column":6},"end":{"line":24,"column":55}},"16":{"start":{"line":26,"column":6},"end":{"line":26,"column":57}},"17":{"start":{"line":33,"column":23},"end":{"line":33,"column":31}},"18":{"start":{"line":35,"column":2},"end":{"line":44,"column":3}},"19":{"start":{"line":36,"column":4},"end":{"line":36,"column":47}},"20":{"start":{"line":37,"column":4},"end":{"line":37,"column":70}},"21":{"start":{"line":39,"column":4},"end":{"line":43,"column":5}},"22":{"start":{"line":40,"column":6},"end":{"line":40,"column":55}},"23":{"start":{"line":42,"column":6},"end":{"line":42,"column":57}},"24":{"start":{"line":48,"column":27},"end":{"line":57,"column":2}},"25":{"start":{"line":48,"column":80},"end":{"line":57,"column":2}},"26":{"start":{"line":49,"column":2},"end":{"line":56,"column":3}},"27":{"start":{"line":50,"column":25},"end":{"line":50,"column":33}},"28":{"start":{"line":51,"column":4},"end":{"line":51,"column":45}},"29":{"start":{"line":52,"column":4},"end":{"line":52,"column":69}},"30":{"start":{"line":54,"column":4},"end":{"line":54,"column":61}},"31":{"start":{"line":55,"column":4},"end":{"line":55,"column":null}},"32":{"start":{"line":48,"column":13},"end":{"line":48,"column":27}},"33":{"start":{"line":61,"column":2},"end":{"line":71,"column":3}},"34":{"start":{"line":62,"column":27},"end":{"line":62,"column":37}},"35":{"start":{"line":63,"column":18},"end":{"line":63,"column":62}},"36":{"start":{"line":64,"column":4},"end":{"line":66,"column":5}},"37":{"start":{"line":65,"column":6},"end":{"line":65,"column":64}},"38":{"start":{"line":67,"column":4},"end":{"line":67,"column":27}},"39":{"start":{"line":69,"column":4},"end":{"line":69,"column":25}},"40":{"start":{"line":70,"column":4},"end":{"line":70,"column":66}},"41":{"start":{"line":75,"column":23},"end":{"line":75,"column":33}},"42":{"start":{"line":77,"column":2},"end":{"line":87,"column":3}},"43":{"start":{"line":78,"column":19},"end":{"line":78,"column":56}},"44":{"start":{"line":80,"column":4},"end":{"line":80,"column":40}},"45":{"start":{"line":82,"column":4},"end":{"line":86,"column":3}},"46":{"start":{"line":83,"column":6},"end":{"line":83,"column":49}},"47":{"start":{"line":85,"column":6},"end":{"line":85,"column":51}},"48":{"start":{"line":91,"column":39},"end":{"line":103,"column":null}},"49":{"start":{"line":91,"column":92},"end":{"line":103,"column":null}},"50":{"start":{"line":92,"column":2},"end":{"line":102,"column":3}},"51":{"start":{"line":93,"column":26},"end":{"line":93,"column":36}},"52":{"start":{"line":94,"column":17},"end":{"line":94,"column":38}},"53":{"start":{"line":97,"column":28},"end":{"line":97,"column":68}},"54":{"start":{"line":99,"column":4},"end":{"line":99,"column":37}},"55":{"start":{"line":101,"column":4},"end":{"line":101,"column":61}},"56":{"start":{"line":91,"column":13},"end":{"line":91,"column":39}},"57":{"start":{"line":106,"column":26},"end":{"line":114,"column":2}},"58":{"start":{"line":106,"column":79},"end":{"line":114,"column":2}},"59":{"start":{"line":107,"column":2},"end":{"line":113,"column":3}},"60":{"start":{"line":108,"column":17},"end":{"line":108,"column":38}},"61":{"start":{"line":109,"column":4},"end":{"line":109,"column":23}},"62":{"start":{"line":110,"column":4},"end":{"line":110,"column":73}},"63":{"start":{"line":112,"column":4},"end":{"line":112,"column":61}},"64":{"start":{"line":106,"column":13},"end":{"line":106,"column":26}}},"fnMap":{"0":{"name":"createOrder","decl":{"start":{"line":10,"column":22},"end":{"line":10,"column":33}},"loc":{"start":{"line":10,"column":61},"end":{"line":29,"column":null}}},"1":{"name":"completeOrder","decl":{"start":{"line":32,"column":22},"end":{"line":32,"column":35}},"loc":{"start":{"line":32,"column":63},"end":{"line":45,"column":null}}},"2":{"name":"(anonymous_11)","decl":{"start":{"line":48,"column":27},"end":{"line":48,"column":34}},"loc":{"start":{"line":48,"column":80},"end":{"line":57,"column":2}}},"3":{"name":"(anonymous_12)","decl":{"start":{"line":48,"column":80},"end":{"line":48,"column":null}},"loc":{"start":{"line":48,"column":80},"end":{"line":57,"column":1}}},"4":{"name":"getOrderByInvoiceUid","decl":{"start":{"line":60,"column":22},"end":{"line":60,"column":42}},"loc":{"start":{"line":60,"column":70},"end":{"line":72,"column":null}}},"5":{"name":"fetchXml","decl":{"start":{"line":74,"column":22},"end":{"line":74,"column":30}},"loc":{"start":{"line":74,"column":58},"end":{"line":88,"column":null}}},"6":{"name":"(anonymous_17)","decl":{"start":{"line":91,"column":39},"end":{"line":91,"column":46}},"loc":{"start":{"line":91,"column":92},"end":{"line":103,"column":null}}},"7":{"name":"(anonymous_18)","decl":{"start":{"line":91,"column":92},"end":{"line":91,"column":null}},"loc":{"start":{"line":91,"column":92},"end":{"line":103,"column":1}}},"8":{"name":"(anonymous_19)","decl":{"start":{"line":106,"column":26},"end":{"line":106,"column":33}},"loc":{"start":{"line":106,"column":79},"end":{"line":114,"column":2}}},"9":{"name":"(anonymous_20)","decl":{"start":{"line":106,"column":79},"end":{"line":106,"column":null}},"loc":{"start":{"line":106,"column":79},"end":{"line":114,"column":1}}}},"branchMap":{"0":{"loc":{"start":{"line":14,"column":2},"end":{"line":16,"column":3}},"type":"if","locations":[{"start":{"line":14,"column":2},"end":{"line":16,"column":3}}]},"1":{"loc":{"start":{"line":23,"column":4},"end":{"line":27,"column":5}},"type":"if","locations":[{"start":{"line":23,"column":4},"end":{"line":27,"column":5}},{"start":{"line":25,"column":11},"end":{"line":27,"column":5}}]},"2":{"loc":{"start":{"line":39,"column":4},"end":{"line":43,"column":5}},"type":"if","locations":[{"start":{"line":39,"column":4},"end":{"line":43,"column":5}},{"start":{"line":41,"column":11},"end":{"line":43,"column":5}}]},"3":{"loc":{"start":{"line":64,"column":4},"end":{"line":66,"column":5}},"type":"if","locations":[{"start":{"line":64,"column":4},"end":{"line":66,"column":5}}]},"4":{"loc":{"start":{"line":82,"column":4},"end":{"line":86,"column":3}},"type":"if","locations":[{"start":{"line":82,"column":4},"end":{"line":86,"column":3}},{"start":{"line":84,"column":9},"end":{"line":86,"column":3}}]}},"s":{"0":9,"1":9,"2":9,"3":9,"4":9,"5":9,"6":9,"7":8,"8":8,"9":8,"10":0,"11":8,"12":8,"13":8,"14":0,"15":0,"16":0,"17":1,"18":1,"19":1,"20":1,"21":0,"22":0,"23":0,"24":9,"25":1,"26":1,"27":1,"28":1,"29":1,"30":0,"31":0,"32":9,"33":0,"34":0,"35":0,"36":0,"37":0,"38":0,"39":0,"40":0,"41":2,"42":2,"43":2,"44":1,"45":1,"46":1,"47":0,"48":9,"49":3,"50":3,"51":3,"52":3,"53":3,"54":3,"55":0,"56":9,"57":9,"58":15,"59":15,"60":15,"61":15,"62":15,"63":0,"64":9},"f":{"0":8,"1":1,"2":1,"3":1,"4":0,"5":2,"6":3,"7":3,"8":15,"9":15},"b":{"0":[0],"1":[0,0],"2":[0,0],"3":[0],"4":[1,0]}}
,"/Users/AMadayag/2021/SENG2021DebugThugs/src/controllers/PersonController.ts": {"path":"/Users/AMadayag/2021/SENG2021DebugThugs/src/controllers/PersonController.ts","statementMap":{"0":{"start":{"line":7,"column":0},"end":{"line":7,"column":22}},"1":{"start":{"line":22,"column":0},"end":{"line":22,"column":22}},"2":{"start":{"line":38,"column":0},"end":{"line":38,"column":22}},"3":{"start":{"line":57,"column":0},"end":{"line":57,"column":22}},"4":{"start":{"line":75,"column":0},"end":{"line":75,"column":22}},"5":{"start":{"line":2,"column":0},"end":{"line":2,"column":58}},"6":{"start":{"line":4,"column":22},"end":{"line":4,"column":41}},"7":{"start":{"line":8,"column":40},"end":{"line":8,"column":48}},"8":{"start":{"line":10,"column":2},"end":{"line":19,"column":3}},"9":{"start":{"line":11,"column":19},"end":{"line":11,"column":78}},"10":{"start":{"line":12,"column":4},"end":{"line":12,"column":40}},"11":{"start":{"line":14,"column":4},"end":{"line":18,"column":5}},"12":{"start":{"line":15,"column":8},"end":{"line":15,"column":62}},"13":{"start":{"line":17,"column":8},"end":{"line":17,"column":64}},"14":{"start":{"line":23,"column":34},"end":{"line":23,"column":42}},"15":{"start":{"line":25,"column":2},"end":{"line":34,"column":3}},"16":{"start":{"line":26,"column":19},"end":{"line":26,"column":69}},"17":{"start":{"line":27,"column":4},"end":{"line":27,"column":40}},"18":{"start":{"line":29,"column":4},"end":{"line":33,"column":5}},"19":{"start":{"line":30,"column":8},"end":{"line":30,"column":62}},"20":{"start":{"line":32,"column":8},"end":{"line":32,"column":64}},"21":{"start":{"line":39,"column":2},"end":{"line":53,"column":3}},"22":{"start":{"line":40,"column":25},"end":{"line":40,"column":35}},"23":{"start":{"line":41,"column":19},"end":{"line":41,"column":68}},"24":{"start":{"line":42,"column":4},"end":{"line":44,"column":5}},"25":{"start":{"line":43,"column":6},"end":{"line":43,"column":65}},"26":{"start":{"line":45,"column":4},"end":{"line":45,"column":28}},"27":{"start":{"line":47,"column":4},"end":{"line":47,"column":25}},"28":{"start":{"line":48,"column":4},"end":{"line":52,"column":5}},"29":{"start":{"line":49,"column":8},"end":{"line":49,"column":62}},"30":{"start":{"line":51,"column":8},"end":{"line":51,"column":64}},"31":{"start":{"line":58,"column":2},"end":{"line":72,"column":3}},"32":{"start":{"line":59,"column":22},"end":{"line":59,"column":32}},"33":{"start":{"line":60,"column":19},"end":{"line":60,"column":62}},"34":{"start":{"line":61,"column":4},"end":{"line":63,"column":5}},"35":{"start":{"line":62,"column":6},"end":{"line":62,"column":65}},"36":{"start":{"line":64,"column":4},"end":{"line":64,"column":28}},"37":{"start":{"line":66,"column":4},"end":{"line":66,"column":25}},"38":{"start":{"line":67,"column":4},"end":{"line":71,"column":5}},"39":{"start":{"line":68,"column":8},"end":{"line":68,"column":62}},"40":{"start":{"line":70,"column":8},"end":{"line":70,"column":64}},"41":{"start":{"line":76,"column":16},"end":{"line":76,"column":45}},"42":{"start":{"line":78,"column":2},"end":{"line":80,"column":3}},"43":{"start":{"line":79,"column":4},"end":{"line":79,"column":64}},"44":{"start":{"line":82,"column":2},"end":{"line":91,"column":3}},"45":{"start":{"line":83,"column":19},"end":{"line":83,"column":56}},"46":{"start":{"line":84,"column":4},"end":{"line":84,"column":40}},"47":{"start":{"line":86,"column":4},"end":{"line":90,"column":5}},"48":{"start":{"line":87,"column":8},"end":{"line":87,"column":62}},"49":{"start":{"line":89,"column":8},"end":{"line":89,"column":64}}},"fnMap":{"0":{"name":"registerUser","decl":{"start":{"line":7,"column":22},"end":{"line":7,"column":34}},"loc":{"start":{"line":7,"column":62},"end":{"line":20,"column":null}}},"1":{"name":"loginUser","decl":{"start":{"line":22,"column":22},"end":{"line":22,"column":31}},"loc":{"start":{"line":22,"column":59},"end":{"line":35,"column":null}}},"2":{"name":"getPersonByUsername","decl":{"start":{"line":38,"column":22},"end":{"line":38,"column":41}},"loc":{"start":{"line":38,"column":69},"end":{"line":54,"column":null}}},"3":{"name":"getPersonByEmail","decl":{"start":{"line":57,"column":22},"end":{"line":57,"column":38}},"loc":{"start":{"line":57,"column":66},"end":{"line":73,"column":null}}},"4":{"name":"logoutUser","decl":{"start":{"line":75,"column":22},"end":{"line":75,"column":32}},"loc":{"start":{"line":75,"column":60},"end":{"line":92,"column":null}}}},"branchMap":{"0":{"loc":{"start":{"line":14,"column":4},"end":{"line":18,"column":5}},"type":"if","locations":[{"start":{"line":14,"column":4},"end":{"line":18,"column":5}},{"start":{"line":16,"column":11},"end":{"line":18,"column":5}}]},"1":{"loc":{"start":{"line":29,"column":4},"end":{"line":33,"column":5}},"type":"if","locations":[{"start":{"line":29,"column":4},"end":{"line":33,"column":5}},{"start":{"line":31,"column":11},"end":{"line":33,"column":5}}]},"2":{"loc":{"start":{"line":42,"column":4},"end":{"line":44,"column":5}},"type":"if","locations":[{"start":{"line":42,"column":4},"end":{"line":44,"column":5}}]},"3":{"loc":{"start":{"line":48,"column":4},"end":{"line":52,"column":5}},"type":"if","locations":[{"start":{"line":48,"column":4},"end":{"line":52,"column":5}},{"start":{"line":50,"column":11},"end":{"line":52,"column":5}}]},"4":{"loc":{"start":{"line":61,"column":4},"end":{"line":63,"column":5}},"type":"if","locations":[{"start":{"line":61,"column":4},"end":{"line":63,"column":5}}]},"5":{"loc":{"start":{"line":67,"column":4},"end":{"line":71,"column":5}},"type":"if","locations":[{"start":{"line":67,"column":4},"end":{"line":71,"column":5}},{"start":{"line":69,"column":11},"end":{"line":71,"column":5}}]},"6":{"loc":{"start":{"line":78,"column":2},"end":{"line":80,"column":3}},"type":"if","locations":[{"start":{"line":78,"column":2},"end":{"line":80,"column":3}}]},"7":{"loc":{"start":{"line":86,"column":4},"end":{"line":90,"column":5}},"type":"if","locations":[{"start":{"line":86,"column":4},"end":{"line":90,"column":5}},{"start":{"line":88,"column":11},"end":{"line":90,"column":5}}]}},"s":{"0":9,"1":9,"2":9,"3":9,"4":9,"5":9,"6":9,"7":19,"8":19,"9":19,"10":19,"11":0,"12":0,"13":0,"14":3,"15":3,"16":3,"17":1,"18":2,"19":2,"20":0,"21":0,"22":0,"23":0,"24":0,"25":0,"26":0,"27":0,"28":0,"29":0,"30":0,"31":0,"32":0,"33":0,"34":0,"35":0,"36":0,"37":0,"38":0,"39":0,"40":0,"41":2,"42":2,"43":1,"44":1,"45":1,"46":1,"47":0,"48":0,"49":0},"f":{"0":19,"1":3,"2":0,"3":0,"4":2},"b":{"0":[0,0],"1":[2,0],"2":[0],"3":[0,0],"4":[0],"5":[0,0],"6":[1],"7":[0,0]}}
,"/Users/AMadayag/2021/SENG2021DebugThugs/src/database/DatabaseConnection.ts": {"path":"/Users/AMadayag/2021/SENG2021DebugThugs/src/database/DatabaseConnection.ts","statementMap":{"0":{"start":{"line":15,"column":0},"end":{"line":15,"column":22}},"1":{"start":{"line":67,"column":0},"end":{"line":67,"column":22}},"2":{"start":{"line":1,"column":0},"end":{"line":1,"column":35}},"3":{"start":{"line":3,"column":13},"end":{"line":13,"column":3}},"4":{"start":{"line":16,"column":2},"end":{"line":64,"column":3}},"5":{"start":{"line":17,"column":4},"end":{"line":17,"column":44}},"6":{"start":{"line":19,"column":26},"end":{"line":25,"column":9}},"7":{"start":{"line":27,"column":25},"end":{"line":35,"column":9}},"8":{"start":{"line":37,"column":24},"end":{"line":48,"column":9}},"9":{"start":{"line":50,"column":27},"end":{"line":55,"column":9}},"10":{"start":{"line":58,"column":4},"end":{"line":58,"column":36}},"11":{"start":{"line":59,"column":4},"end":{"line":59,"column":35}},"12":{"start":{"line":60,"column":4},"end":{"line":60,"column":34}},"13":{"start":{"line":61,"column":4},"end":{"line":61,"column":37}},"14":{"start":{"line":63,"column":4},"end":{"line":63,"column":57}},"15":{"start":{"line":68,"column":2},"end":{"line":73,"column":3}},"16":{"start":{"line":69,"column":4},"end":{"line":69,"column":39}},"17":{"start":{"line":70,"column":4},"end":{"line":70,"column":21}},"18":{"start":{"line":72,"column":4},"end":{"line":72,"column":52}}},"fnMap":{"0":{"name":"initDB","decl":{"start":{"line":15,"column":22},"end":{"line":15,"column":28}},"loc":{"start":{"line":15,"column":28},"end":{"line":65,"column":null}}},"1":{"name":"closeDB","decl":{"start":{"line":67,"column":22},"end":{"line":67,"column":29}},"loc":{"start":{"line":67,"column":29},"end":{"line":74,"column":null}}}},"branchMap":{},"s":{"0":10,"1":10,"2":10,"3":10,"4":19,"5":19,"6":19,"7":19,"8":19,"9":19,"10":19,"11":19,"12":19,"13":19,"14":0,"15":10,"16":10,"17":10,"18":0},"f":{"0":19,"1":10},"b":{}}
,"/Users/AMadayag/2021/SENG2021DebugThugs/src/database/databaseHelpers.ts": {"path":"/Users/AMadayag/2021/SENG2021DebugThugs/src/database/databaseHelpers.ts","statementMap":{"0":{"start":{"line":5,"column":0},"end":{"line":5,"column":22}},"1":{"start":{"line":18,"column":0},"end":{"line":18,"column":22}},"2":{"start":{"line":77,"column":0},"end":{"line":77,"column":22}},"3":{"start":{"line":129,"column":0},"end":{"line":129,"column":22}},"4":{"start":{"line":139,"column":0},"end":{"line":139,"column":22}},"5":{"start":{"line":152,"column":0},"end":{"line":152,"column":22}},"6":{"start":{"line":196,"column":0},"end":{"line":196,"column":22}},"7":{"start":{"line":218,"column":0},"end":{"line":218,"column":22}},"8":{"start":{"line":233,"column":0},"end":{"line":233,"column":22}},"9":{"start":{"line":248,"column":0},"end":{"line":248,"column":22}},"10":{"start":{"line":263,"column":0},"end":{"line":263,"column":22}},"11":{"start":{"line":1,"column":0},"end":{"line":1,"column":44}},"12":{"start":{"line":2,"column":0},"end":{"line":2,"column":51}},"13":{"start":{"line":3,"column":0},"end":{"line":3,"column":46}},"14":{"start":{"line":6,"column":14},"end":{"line":13,"column":6}},"15":{"start":{"line":14,"column":19},"end":{"line":14,"column":85}},"16":{"start":{"line":15,"column":4},"end":{"line":15,"column":34}},"17":{"start":{"line":19,"column":21},"end":{"line":19,"column":47}},"18":{"start":{"line":20,"column":4},"end":{"line":74,"column":5}},"19":{"start":{"line":21,"column":6},"end":{"line":21,"column":42}},"20":{"start":{"line":24,"column":23},"end":{"line":32,"column":8}},"21":{"start":{"line":33,"column":26},"end":{"line":39,"column":8}},"22":{"start":{"line":40,"column":6},"end":{"line":40,"column":52}},"23":{"start":{"line":43,"column":29},"end":{"line":43,"column":67}},"24":{"start":{"line":44,"column":6},"end":{"line":44,"column":63}},"25":{"start":{"line":47,"column":6},"end":{"line":66,"column":7}},"26":{"start":{"line":48,"column":24},"end":{"line":53,"column":10}},"27":{"start":{"line":54,"column":8},"end":{"line":65,"column":9}},"28":{"start":{"line":55,"column":29},"end":{"line":63,"column":12}},"29":{"start":{"line":64,"column":10},"end":{"line":64,"column":54}},"30":{"start":{"line":68,"column":6},"end":{"line":68,"column":32}},"31":{"start":{"line":70,"column":6},"end":{"line":70,"column":34}},"32":{"start":{"line":71,"column":6},"end":{"line":71,"column":16}},"33":{"start":{"line":73,"column":6},"end":{"line":73,"column":27}},"34":{"start":{"line":78,"column":22},"end":{"line":82,"column":16}},"35":{"start":{"line":84,"column":2},"end":{"line":86,"column":3}},"36":{"start":{"line":85,"column":4},"end":{"line":85,"column":16}},"37":{"start":{"line":87,"column":20},"end":{"line":87,"column":42}},"38":{"start":{"line":90,"column":21},"end":{"line":94,"column":16}},"39":{"start":{"line":96,"column":25},"end":{"line":105,"column":4}},"40":{"start":{"line":97,"column":4},"end":{"line":104,"column":6}},"41":{"start":{"line":108,"column":23},"end":{"line":108,"column":41}},"42":{"start":{"line":109,"column":2},"end":{"line":116,"column":3}},"43":{"start":{"line":110,"column":4},"end":{"line":112,"column":5}},"44":{"start":{"line":111,"column":6},"end":{"line":111,"column":50}},"45":{"start":{"line":115,"column":4},"end":{"line":115,"column":65}},"46":{"start":{"line":118,"column":16},"end":{"line":124,"column":null}},"47":{"start":{"line":126,"column":2},"end":{"line":126,"column":15}},"48":{"start":{"line":130,"column":14},"end":{"line":135,"column":4}},"49":{"start":{"line":136,"column":2},"end":{"line":136,"column":60}},"50":{"start":{"line":140,"column":17},"end":{"line":144,"column":13}},"51":{"start":{"line":145,"column":2},"end":{"line":147,"column":3}},"52":{"start":{"line":146,"column":4},"end":{"line":146,"column":16}},"53":{"start":{"line":148,"column":20},"end":{"line":148,"column":37}},"54":{"start":{"line":149,"column":2},"end":{"line":149,"column":47}},"55":{"start":{"line":153,"column":22},"end":{"line":157,"column":17}},"56":{"start":{"line":159,"column":2},"end":{"line":161,"column":3}},"57":{"start":{"line":160,"column":4},"end":{"line":160,"column":14}},"58":{"start":{"line":163,"column":26},"end":{"line":163,"column":28}},"59":{"start":{"line":164,"column":2},"end":{"line":191,"column":3}},"60":{"start":{"line":165,"column":23},"end":{"line":169,"column":22}},"61":{"start":{"line":171,"column":27},"end":{"line":180,"column":6}},"62":{"start":{"line":172,"column":6},"end":{"line":179,"column":8}},"63":{"start":{"line":182,"column":18},"end":{"line":188,"column":null}},"64":{"start":{"line":190,"column":4},"end":{"line":190,"column":23}},"65":{"start":{"line":193,"column":2},"end":{"line":193,"column":16}},"66":{"start":{"line":197,"column":21},"end":{"line":197,"column":47}},"67":{"start":{"line":198,"column":2},"end":{"line":215,"column":3}},"68":{"start":{"line":199,"column":4},"end":{"line":199,"column":40}},"69":{"start":{"line":201,"column":22},"end":{"line":205,"column":6}},"70":{"start":{"line":206,"column":25},"end":{"line":206,"column":40}},"71":{"start":{"line":207,"column":4},"end":{"line":207,"column":52}},"72":{"start":{"line":209,"column":4},"end":{"line":209,"column":30}},"73":{"start":{"line":211,"column":4},"end":{"line":211,"column":32}},"74":{"start":{"line":212,"column":4},"end":{"line":212,"column":14}},"75":{"start":{"line":214,"column":4},"end":{"line":214,"column":25}},"76":{"start":{"line":219,"column":17},"end":{"line":223,"column":16}},"77":{"start":{"line":225,"column":2},"end":{"line":227,"column":3}},"78":{"start":{"line":226,"column":4},"end":{"line":226,"column":16}},"79":{"start":{"line":229,"column":15},"end":{"line":229,"column":32}},"80":{"start":{"line":230,"column":2},"end":{"line":230,"column":74}},"81":{"start":{"line":234,"column":17},"end":{"line":238,"column":13}},"82":{"start":{"line":240,"column":2},"end":{"line":242,"column":3}},"83":{"start":{"line":241,"column":4},"end":{"line":241,"column":16}},"84":{"start":{"line":244,"column":15},"end":{"line":244,"column":32}},"85":{"start":{"line":245,"column":2},"end":{"line":245,"column":74}},"86":{"start":{"line":249,"column":17},"end":{"line":253,"column":13}},"87":{"start":{"line":255,"column":2},"end":{"line":257,"column":3}},"88":{"start":{"line":256,"column":4},"end":{"line":256,"column":16}},"89":{"start":{"line":259,"column":15},"end":{"line":259,"column":32}},"90":{"start":{"line":260,"column":2},"end":{"line":260,"column":23}},"91":{"start":{"line":264,"column":21},"end":{"line":264,"column":47}},"92":{"start":{"line":265,"column":2},"end":{"line":282,"column":3}},"93":{"start":{"line":266,"column":4},"end":{"line":266,"column":40}},"94":{"start":{"line":268,"column":22},"end":{"line":272,"column":6}},"95":{"start":{"line":273,"column":25},"end":{"line":273,"column":43}},"96":{"start":{"line":274,"column":4},"end":{"line":274,"column":52}},"97":{"start":{"line":276,"column":4},"end":{"line":276,"column":30}},"98":{"start":{"line":278,"column":4},"end":{"line":278,"column":32}},"99":{"start":{"line":279,"column":4},"end":{"line":279,"column":14}},"100":{"start":{"line":281,"column":4},"end":{"line":281,"column":25}}},"fnMap":{"0":{"name":"savePerson","decl":{"start":{"line":5,"column":22},"end":{"line":5,"column":32}},"loc":{"start":{"line":5,"column":47},"end":{"line":16,"column":null}}},"1":{"name":"saveOrder","decl":{"start":{"line":18,"column":22},"end":{"line":18,"column":31}},"loc":{"start":{"line":18,"column":44},"end":{"line":75,"column":null}}},"2":{"name":"getOrder","decl":{"start":{"line":77,"column":22},"end":{"line":77,"column":30}},"loc":{"start":{"line":77,"column":47},"end":{"line":127,"column":null}}},"3":{"name":"(anonymous_13)","decl":{"start":{"line":96,"column":48},"end":{"line":96,"column":49}},"loc":{"start":{"line":96,"column":54},"end":{"line":105,"column":3}}},"4":{"name":"saveSession","decl":{"start":{"line":129,"column":22},"end":{"line":129,"column":33}},"loc":{"start":{"line":129,"column":50},"end":{"line":137,"column":null}}},"5":{"name":"getSession","decl":{"start":{"line":139,"column":22},"end":{"line":139,"column":32}},"loc":{"start":{"line":139,"column":46},"end":{"line":150,"column":null}}},"6":{"name":"getAllOrders","decl":{"start":{"line":152,"column":22},"end":{"line":152,"column":34}},"loc":{"start":{"line":152,"column":52},"end":{"line":194,"column":null}}},"7":{"name":"(anonymous_20)","decl":{"start":{"line":171,"column":50},"end":{"line":171,"column":51}},"loc":{"start":{"line":171,"column":56},"end":{"line":180,"column":5}}},"8":{"name":"saveXmlToOrder","decl":{"start":{"line":196,"column":22},"end":{"line":196,"column":36}},"loc":{"start":{"line":196,"column":66},"end":{"line":216,"column":null}}},"9":{"name":"usernameFind","decl":{"start":{"line":218,"column":22},"end":{"line":218,"column":34}},"loc":{"start":{"line":218,"column":51},"end":{"line":231,"column":null}}},"10":{"name":"emailFind","decl":{"start":{"line":233,"column":22},"end":{"line":233,"column":31}},"loc":{"start":{"line":233,"column":44},"end":{"line":246,"column":null}}},"11":{"name":"personFromToken","decl":{"start":{"line":248,"column":22},"end":{"line":248,"column":37}},"loc":{"start":{"line":248,"column":51},"end":{"line":261,"column":null}}},"12":{"name":"updateOrderStatus","decl":{"start":{"line":263,"column":22},"end":{"line":263,"column":39}},"loc":{"start":{"line":263,"column":72},"end":{"line":283,"column":null}}}},"branchMap":{"0":{"loc":{"start":{"line":37,"column":8},"end":{"line":37,"column":74}},"type":"cond-expr","locations":[{"start":{"line":37,"column":31},"end":{"line":37,"column":67}},{"start":{"line":37,"column":70},"end":{"line":37,"column":74}}]},"1":{"loc":{"start":{"line":38,"column":8},"end":{"line":38,"column":25}},"type":"binary-expr","locations":[{"start":{"line":38,"column":8},"end":{"line":38,"column":17}},{"start":{"line":38,"column":21},"end":{"line":38,"column":25}}]},"2":{"loc":{"start":{"line":47,"column":6},"end":{"line":66,"column":7}},"type":"if","locations":[{"start":{"line":47,"column":6},"end":{"line":66,"column":7}}]},"3":{"loc":{"start":{"line":47,"column":10},"end":{"line":47,"column":53}},"type":"binary-expr","locations":[{"start":{"line":47,"column":10},"end":{"line":47,"column":24}},{"start":{"line":47,"column":28},"end":{"line":47,"column":53}}]},"4":{"loc":{"start":{"line":60,"column":12},"end":{"line":60,"column":64}},"type":"cond-expr","locations":[{"start":{"line":60,"column":28},"end":{"line":60,"column":57}},{"start":{"line":60,"column":60},"end":{"line":60,"column":64}}]},"5":{"loc":{"start":{"line":61,"column":12},"end":{"line":61,"column":34}},"type":"binary-expr","locations":[{"start":{"line":61,"column":12},"end":{"line":61,"column":26}},{"start":{"line":61,"column":30},"end":{"line":61,"column":34}}]},"6":{"loc":{"start":{"line":62,"column":12},"end":{"line":62,"column":38}},"type":"binary-expr","locations":[{"start":{"line":62,"column":12},"end":{"line":62,"column":30}},{"start":{"line":62,"column":34},"end":{"line":62,"column":38}}]},"7":{"loc":{"start":{"line":84,"column":2},"end":{"line":86,"column":3}},"type":"if","locations":[{"start":{"line":84,"column":2},"end":{"line":86,"column":3}}]},"8":{"loc":{"start":{"line":101,"column":6},"end":{"line":101,"column":74}},"type":"cond-expr","locations":[{"start":{"line":101,"column":39},"end":{"line":101,"column":61}},{"start":{"line":101,"column":64},"end":{"line":101,"column":74}}]},"9":{"loc":{"start":{"line":110,"column":4},"end":{"line":112,"column":5}},"type":"if","locations":[{"start":{"line":110,"column":4},"end":{"line":112,"column":5}}]},"10":{"loc":{"start":{"line":145,"column":2},"end":{"line":147,"column":3}},"type":"if","locations":[{"start":{"line":145,"column":2},"end":{"line":147,"column":3}}]},"11":{"loc":{"start":{"line":159,"column":2},"end":{"line":161,"column":3}},"type":"if","locations":[{"start":{"line":159,"column":2},"end":{"line":161,"column":3}}]},"12":{"loc":{"start":{"line":176,"column":8},"end":{"line":176,"column":76}},"type":"cond-expr","locations":[{"start":{"line":176,"column":41},"end":{"line":176,"column":63}},{"start":{"line":176,"column":66},"end":{"line":176,"column":76}}]},"13":{"loc":{"start":{"line":187,"column":6},"end":{"line":187,"column":98}},"type":"cond-expr","locations":[{"start":{"line":187,"column":47},"end":{"line":187,"column":77}},{"start":{"line":187,"column":80},"end":{"line":187,"column":98}}]},"14":{"loc":{"start":{"line":225,"column":2},"end":{"line":227,"column":3}},"type":"if","locations":[{"start":{"line":225,"column":2},"end":{"line":227,"column":3}}]},"15":{"loc":{"start":{"line":240,"column":2},"end":{"line":242,"column":3}},"type":"if","locations":[{"start":{"line":240,"column":2},"end":{"line":242,"column":3}}]},"16":{"loc":{"start":{"line":255,"column":2},"end":{"line":257,"column":3}},"type":"if","locations":[{"start":{"line":255,"column":2},"end":{"line":257,"column":3}}]}},"s":{"0":10,"1":10,"2":10,"3":10,"4":10,"5":10,"6":10,"7":10,"8":10,"9":10,"10":10,"11":10,"12":10,"13":10,"14":20,"15":20,"16":20,"17":9,"18":9,"19":9,"20":9,"21":9,"22":9,"23":9,"24":9,"25":9,"26":9,"27":9,"28":10,"29":10,"30":9,"31":0,"32":0,"33":9,"34":9,"35":9,"36":1,"37":8,"38":8,"39":8,"40":9,"41":8,"42":8,"43":8,"44":7,"45":0,"46":8,"47":8,"48":1,"49":1,"50":1,"51":1,"52":0,"53":1,"54":1,"55":3,"56":3,"57":1,"58":2,"59":2,"60":2,"61":2,"62":2,"63":2,"64":2,"65":2,"66":1,"67":1,"68":1,"69":1,"70":1,"71":1,"72":1,"73":0,"74":0,"75":1,"76":4,"77":4,"78":3,"79":1,"80":1,"81":3,"82":3,"83":1,"84":2,"85":2,"86":22,"87":22,"88":1,"89":21,"90":21,"91":2,"92":2,"93":2,"94":2,"95":2,"96":2,"97":2,"98":0,"99":0,"100":2},"f":{"0":20,"1":9,"2":9,"3":9,"4":1,"5":1,"6":3,"7":2,"8":1,"9":4,"10":3,"11":22,"12":2},"b":{"0":[9,0],"1":[9,8],"2":[9],"3":[9,9],"4":[2,8],"5":[10,8],"6":[10,8],"7":[1],"8":[0,9],"9":[7],"10":[0],"11":[1],"12":[0,2],"13":[2,0],"14":[3],"15":[1],"16":[1]}}
,"/Users/AMadayag/2021/SENG2021DebugThugs/src/domain/Order.ts": {"path":"/Users/AMadayag/2021/SENG2021DebugThugs/src/domain/Order.ts","statementMap":{"0":{"start":{"line":3,"column":11},"end":{"line":3,"column":27}},"1":{"start":{"line":4,"column":11},"end":{"line":4,"column":28}},"2":{"start":{"line":5,"column":11},"end":{"line":5,"column":54}},"3":{"start":{"line":6,"column":11},"end":{"line":6,"column":28}},"4":{"start":{"line":7,"column":11},"end":{"line":7,"column":31}},"5":{"start":{"line":8,"column":11},"end":{"line":8,"column":23}},"6":{"start":{"line":1,"column":0},"end":{"line":1,"column":13}},"7":{"start":{"line":14,"column":11},"end":{"line":14,"column":25}},"8":{"start":{"line":15,"column":11},"end":{"line":15,"column":31}},"9":{"start":{"line":16,"column":11},"end":{"line":16,"column":29}},"10":{"start":{"line":17,"column":11},"end":{"line":17,"column":25}},"11":{"start":{"line":18,"column":11},"end":{"line":18,"column":29}},"12":{"start":{"line":19,"column":11},"end":{"line":19,"column":33}},"13":{"start":{"line":12,"column":0},"end":{"line":12,"column":13}}},"fnMap":{"0":{"name":"(anonymous_1)","decl":{"start":{"line":13,"column":2},"end":{"line":13,"column":null}},"loc":{"start":{"line":19,"column":33},"end":{"line":20,"column":6}}}},"branchMap":{},"s":{"0":19,"1":19,"2":19,"3":19,"4":19,"5":19,"6":10,"7":13,"8":13,"9":13,"10":13,"11":13,"12":13,"13":10},"f":{"0":13},"b":{}}
,"/Users/AMadayag/2021/SENG2021DebugThugs/src/domain/Person.ts": {"path":"/Users/AMadayag/2021/SENG2021DebugThugs/src/domain/Person.ts","statementMap":{"0":{"start":{"line":3,"column":11},"end":{"line":3,"column":28}},"1":{"start":{"line":4,"column":11},"end":{"line":4,"column":27}},"2":{"start":{"line":5,"column":11},"end":{"line":5,"column":27}},"3":{"start":{"line":6,"column":11},"end":{"line":6,"column":24}},"4":{"start":{"line":1,"column":0},"end":{"line":1,"column":13}},"5":{"start":{"line":12,"column":11},"end":{"line":12,"column":24}},"6":{"start":{"line":13,"column":11},"end":{"line":13,"column":28}},"7":{"start":{"line":10,"column":0},"end":{"line":10,"column":13}}},"fnMap":{"0":{"name":"(anonymous_0)","decl":{"start":{"line":2,"column":2},"end":{"line":2,"column":null}},"loc":{"start":{"line":6,"column":24},"end":{"line":7,"column":6}}},"1":{"name":"(anonymous_1)","decl":{"start":{"line":11,"column":2},"end":{"line":11,"column":null}},"loc":{"start":{"line":13,"column":28},"end":{"line":14,"column":6}}}},"branchMap":{},"s":{"0":23,"1":23,"2":23,"3":23,"4":10,"5":2,"6":2,"7":10},"f":{"0":23,"1":2},"b":{}}
,"/Users/AMadayag/2021/SENG2021DebugThugs/src/repository/OrderRepository.ts": {"path":"/Users/AMadayag/2021/SENG2021DebugThugs/src/repository/OrderRepository.ts","statementMap":{"0":{"start":{"line":33,"column":0},"end":{"line":33,"column":22}},"1":{"start":{"line":2,"column":0},"end":{"line":2,"column":54}},"2":{"start":{"line":3,"column":0},"end":{"line":3,"column":115}},"3":{"start":{"line":9,"column":4},"end":{"line":9,"column":27}},"4":{"start":{"line":10,"column":4},"end":{"line":10,"column":17}},"5":{"start":{"line":14,"column":18},"end":{"line":14,"column":42}},"6":{"start":{"line":15,"column":4},"end":{"line":15,"column":17}},"7":{"start":{"line":19,"column":19},"end":{"line":19,"column":42}},"8":{"start":{"line":20,"column":4},"end":{"line":20,"column":18}},"9":{"start":{"line":24,"column":4},"end":{"line":24,"column":49}},"10":{"start":{"line":28,"column":4},"end":{"line":28,"column":43}},"11":{"start":{"line":29,"column":4},"end":{"line":29,"column":42}},"12":{"start":{"line":5,"column":0},"end":{"line":5,"column":13}},"13":{"start":{"line":6,"column":17},"end":{"line":6,"column":38}},"14":{"start":{"line":34,"column":2},"end":{"line":34,"column":38}}},"fnMap":{"0":{"name":"(anonymous_7)","decl":{"start":{"line":8,"column":15},"end":{"line":8,"column":19}},"loc":{"start":{"line":8,"column":32},"end":{"line":11,"column":null}}},"1":{"name":"(anonymous_9)","decl":{"start":{"line":13,"column":15},"end":{"line":13,"column":29}},"loc":{"start":{"line":13,"column":46},"end":{"line":16,"column":null}}},"2":{"name":"(anonymous_11)","decl":{"start":{"line":18,"column":15},"end":{"line":18,"column":33}},"loc":{"start":{"line":18,"column":51},"end":{"line":21,"column":null}}},"3":{"name":"(anonymous_13)","decl":{"start":{"line":23,"column":15},"end":{"line":23,"column":32}},"loc":{"start":{"line":23,"column":68},"end":{"line":25,"column":null}}},"4":{"name":"(anonymous_15)","decl":{"start":{"line":27,"column":15},"end":{"line":27,"column":20}},"loc":{"start":{"line":27,"column":20},"end":{"line":30,"column":null}}},"5":{"name":"saveXml","decl":{"start":{"line":33,"column":22},"end":{"line":33,"column":29}},"loc":{"start":{"line":33,"column":59},"end":{"line":35,"column":null}}}},"branchMap":{},"s":{"0":9,"1":9,"2":9,"3":8,"4":8,"5":8,"6":8,"7":3,"8":3,"9":2,"10":15,"11":15,"12":9,"13":9,"14":1},"f":{"0":8,"1":8,"2":3,"3":2,"4":15,"5":1},"b":{}}
,"/Users/AMadayag/2021/SENG2021DebugThugs/src/repository/PersonRepository.ts": {"path":"/Users/AMadayag/2021/SENG2021DebugThugs/src/repository/PersonRepository.ts","statementMap":{"0":{"start":{"line":2,"column":0},"end":{"line":2,"column":54}},"1":{"start":{"line":3,"column":0},"end":{"line":3,"column":36}},"2":{"start":{"line":4,"column":0},"end":{"line":4,"column":99}},"3":{"start":{"line":8,"column":4},"end":{"line":8,"column":29}},"4":{"start":{"line":9,"column":4},"end":{"line":9,"column":18}},"5":{"start":{"line":13,"column":19},"end":{"line":13,"column":47}},"6":{"start":{"line":14,"column":4},"end":{"line":14,"column":18}},"7":{"start":{"line":18,"column":19},"end":{"line":18,"column":35}},"8":{"start":{"line":19,"column":4},"end":{"line":19,"column":18}},"9":{"start":{"line":6,"column":0},"end":{"line":6,"column":13}},"10":{"start":{"line":25,"column":19},"end":{"line":25,"column":47}},"11":{"start":{"line":26,"column":4},"end":{"line":26,"column":18}},"12":{"start":{"line":30,"column":18},"end":{"line":30,"column":26}},"13":{"start":{"line":32,"column":16},"end":{"line":35,"column":6}},"14":{"start":{"line":36,"column":4},"end":{"line":36,"column":46}},"15":{"start":{"line":38,"column":4},"end":{"line":38,"column":17}},"16":{"start":{"line":42,"column":4},"end":{"line":45,"column":16}},"17":{"start":{"line":23,"column":0},"end":{"line":23,"column":13}}},"fnMap":{"0":{"name":"(anonymous_7)","decl":{"start":{"line":7,"column":15},"end":{"line":7,"column":19}},"loc":{"start":{"line":7,"column":34},"end":{"line":10,"column":null}}},"1":{"name":"(anonymous_9)","decl":{"start":{"line":12,"column":15},"end":{"line":12,"column":29}},"loc":{"start":{"line":12,"column":46},"end":{"line":15,"column":null}}},"2":{"name":"(anonymous_11)","decl":{"start":{"line":17,"column":15},"end":{"line":17,"column":26}},"loc":{"start":{"line":17,"column":40},"end":{"line":20,"column":null}}},"3":{"name":"(anonymous_13)","decl":{"start":{"line":24,"column":15},"end":{"line":24,"column":37}},"loc":{"start":{"line":24,"column":51},"end":{"line":27,"column":null}}},"4":{"name":"(anonymous_15)","decl":{"start":{"line":29,"column":15},"end":{"line":29,"column":27}},"loc":{"start":{"line":29,"column":45},"end":{"line":39,"column":null}}},"5":{"name":"(anonymous_17)","decl":{"start":{"line":41,"column":15},"end":{"line":41,"column":25}},"loc":{"start":{"line":41,"column":39},"end":{"line":46,"column":null}}}},"branchMap":{},"s":{"0":9,"1":9,"2":9,"3":19,"4":19,"5":4,"6":4,"7":3,"8":3,"9":9,"10":22,"11":22,"12":20,"13":20,"14":20,"15":20,"16":1,"17":9},"f":{"0":19,"1":4,"2":3,"3":22,"4":20,"5":1},"b":{}}
,"/Users/AMadayag/2021/SENG2021DebugThugs/src/routes/OrderRoutes.ts": {"path":"/Users/AMadayag/2021/SENG2021DebugThugs/src/routes/OrderRoutes.ts","statementMap":{"0":{"start":{"line":1,"column":0},"end":{"line":1,"column":33}},"1":{"start":{"line":2,"column":0},"end":{"line":2,"column":null}},"2":{"start":{"line":12,"column":15},"end":{"line":12,"column":23}},"3":{"start":{"line":17,"column":0},"end":{"line":17,"column":45}},"4":{"start":{"line":20,"column":0},"end":{"line":20,"column":45}},"5":{"start":{"line":22,"column":0},"end":{"line":22,"column":49}},"6":{"start":{"line":27,"column":0},"end":{"line":27,"column":52}},"7":{"start":{"line":31,"column":0},"end":{"line":31,"column":73}},"8":{"start":{"line":34,"column":0},"end":{"line":34,"column":39}},"9":{"start":{"line":36,"column":0},"end":{"line":36,"column":22}}},"fnMap":{},"branchMap":{},"s":{"0":9,"1":9,"2":9,"3":9,"4":9,"5":9,"6":9,"7":9,"8":9,"9":9},"f":{},"b":{}}
,"/Users/AMadayag/2021/SENG2021DebugThugs/src/routes/PersonRoutes.ts": {"path":"/Users/AMadayag/2021/SENG2021DebugThugs/src/routes/PersonRoutes.ts","statementMap":{"0":{"start":{"line":1,"column":0},"end":{"line":1,"column":33}},"1":{"start":{"line":2,"column":0},"end":{"line":2,"column":null}},"2":{"start":{"line":8,"column":15},"end":{"line":8,"column":23}},"3":{"start":{"line":11,"column":0},"end":{"line":11,"column":46}},"4":{"start":{"line":13,"column":0},"end":{"line":13,"column":40}},"5":{"start":{"line":22,"column":0},"end":{"line":22,"column":44}},"6":{"start":{"line":24,"column":0},"end":{"line":24,"column":22}}},"fnMap":{},"branchMap":{},"s":{"0":9,"1":9,"2":9,"3":9,"4":9,"5":9,"6":9},"f":{},"b":{}}
,"/Users/AMadayag/2021/SENG2021DebugThugs/src/services/OrderService.ts": {"path":"/Users/AMadayag/2021/SENG2021DebugThugs/src/services/OrderService.ts","statementMap":{"0":{"start":{"line":1,"column":0},"end":{"line":1,"column":73}},"1":{"start":{"line":2,"column":0},"end":{"line":2,"column":46}},"2":{"start":{"line":3,"column":0},"end":{"line":3,"column":36}},"3":{"start":{"line":4,"column":0},"end":{"line":4,"column":46}},"4":{"start":{"line":5,"column":14},"end":{"line":5,"column":31}},"5":{"start":{"line":13,"column":4},"end":{"line":13,"column":43}},"6":{"start":{"line":30,"column":26},"end":{"line":30,"column":42}},"7":{"start":{"line":32,"column":4},"end":{"line":36,"column":5}},"8":{"start":{"line":33,"column":6},"end":{"line":33,"column":58}},"9":{"start":{"line":35,"column":6},"end":{"line":35,"column":39}},"10":{"start":{"line":39,"column":21},"end":{"line":39,"column":29}},"11":{"start":{"line":42,"column":21},"end":{"line":42,"column":88}},"12":{"start":{"line":43,"column":4},"end":{"line":43,"column":40}},"13":{"start":{"line":45,"column":4},"end":{"line":45,"column":20}},"14":{"start":{"line":54,"column":18},"end":{"line":54,"column":63}},"15":{"start":{"line":56,"column":4},"end":{"line":58,"column":5}},"16":{"start":{"line":57,"column":6},"end":{"line":57,"column":46}},"17":{"start":{"line":60,"column":27},"end":{"line":75,"column":6}},"18":{"start":{"line":64,"column":45},"end":{"line":73,"column":8}},"19":{"start":{"line":77,"column":21},"end":{"line":77,"column":68}},"20":{"start":{"line":78,"column":21},"end":{"line":78,"column":65}},"21":{"start":{"line":80,"column":4},"end":{"line":80,"column":38}},"22":{"start":{"line":82,"column":4},"end":{"line":82,"column":20}},"23":{"start":{"line":86,"column":4},"end":{"line":86,"column":57}},"24":{"start":{"line":90,"column":4},"end":{"line":90,"column":62}},"25":{"start":{"line":94,"column":18},"end":{"line":94,"column":63}},"26":{"start":{"line":96,"column":4},"end":{"line":98,"column":5}},"27":{"start":{"line":97,"column":6},"end":{"line":97,"column":48}},"28":{"start":{"line":100,"column":4},"end":{"line":100,"column":64}},"29":{"start":{"line":104,"column":18},"end":{"line":104,"column":63}},"30":{"start":{"line":106,"column":4},"end":{"line":108,"column":5}},"31":{"start":{"line":107,"column":6},"end":{"line":107,"column":46}},"32":{"start":{"line":110,"column":4},"end":{"line":112,"column":5}},"33":{"start":{"line":111,"column":6},"end":{"line":111,"column":52}},"34":{"start":{"line":114,"column":4},"end":{"line":114,"column":66}},"35":{"start":{"line":9,"column":0},"end":{"line":9,"column":13}}},"fnMap":{"0":{"name":"(anonymous_7)","decl":{"start":{"line":12,"column":2},"end":{"line":12,"column":null}},"loc":{"start":{"line":12,"column":2},"end":{"line":14,"column":3}}},"1":{"name":"(anonymous_8)","decl":{"start":{"line":23,"column":15},"end":{"line":23,"column":26}},"loc":{"start":{"line":27,"column":24},"end":{"line":46,"column":null}}},"2":{"name":"(anonymous_10)","decl":{"start":{"line":53,"column":15},"end":{"line":53,"column":23}},"loc":{"start":{"line":53,"column":40},"end":{"line":83,"column":null}}},"3":{"name":"(anonymous_12)","decl":{"start":{"line":64,"column":36},"end":{"line":64,"column":40}},"loc":{"start":{"line":64,"column":45},"end":{"line":73,"column":8}}},"4":{"name":"(anonymous_13)","decl":{"start":{"line":85,"column":15},"end":{"line":85,"column":28}},"loc":{"start":{"line":85,"column":45},"end":{"line":87,"column":null}}},"5":{"name":"(anonymous_15)","decl":{"start":{"line":89,"column":15},"end":{"line":89,"column":38}},"loc":{"start":{"line":89,"column":56},"end":{"line":91,"column":null}}},"6":{"name":"(anonymous_17)","decl":{"start":{"line":93,"column":15},"end":{"line":93,"column":26}},"loc":{"start":{"line":93,"column":43},"end":{"line":101,"column":null}}},"7":{"name":"(anonymous_19)","decl":{"start":{"line":103,"column":15},"end":{"line":103,"column":28}},"loc":{"start":{"line":103,"column":45},"end":{"line":115,"column":null}}}},"branchMap":{"0":{"loc":{"start":{"line":56,"column":4},"end":{"line":58,"column":5}},"type":"if","locations":[{"start":{"line":56,"column":4},"end":{"line":58,"column":5}}]},"1":{"loc":{"start":{"line":64,"column":16},"end":{"line":73,"column":9}},"type":"cond-expr","locations":[{"start":{"line":64,"column":30},"end":{"line":64,"column":32}},{"start":{"line":64,"column":30},"end":{"line":73,"column":9}}]},"2":{"loc":{"start":{"line":64,"column":16},"end":{"line":64,"column":32}},"type":"binary-expr","locations":[{"start":{"line":64,"column":16},"end":{"line":64,"column":32}},{"start":{"line":64,"column":30},"end":{"line":64,"column":32}}]},"3":{"loc":{"start":{"line":96,"column":4},"end":{"line":98,"column":5}},"type":"if","locations":[{"start":{"line":96,"column":4},"end":{"line":98,"column":5}}]},"4":{"loc":{"start":{"line":96,"column":8},"end":{"line":96,"column":44}},"type":"binary-expr","locations":[{"start":{"line":96,"column":8},"end":{"line":96,"column":14}},{"start":{"line":96,"column":18},"end":{"line":96,"column":44}}]},"5":{"loc":{"start":{"line":106,"column":4},"end":{"line":108,"column":5}},"type":"if","locations":[{"start":{"line":106,"column":4},"end":{"line":108,"column":5}}]},"6":{"loc":{"start":{"line":110,"column":4},"end":{"line":112,"column":5}},"type":"if","locations":[{"start":{"line":110,"column":4},"end":{"line":112,"column":5}}]}},"s":{"0":9,"1":9,"2":9,"3":9,"4":9,"5":9,"6":8,"7":8,"8":8,"9":0,"10":8,"11":8,"12":8,"13":8,"14":2,"15":2,"16":1,"17":1,"18":1,"19":1,"20":1,"21":1,"22":1,"23":0,"24":0,"25":1,"26":1,"27":0,"28":1,"29":1,"30":1,"31":0,"32":1,"33":0,"34":1,"35":9},"f":{"0":9,"1":8,"2":2,"3":1,"4":0,"5":0,"6":1,"7":1},"b":{"0":[1],"1":[0,1],"2":[1,1],"3":[0],"4":[1,1],"5":[0],"6":[0]}}
,"/Users/AMadayag/2021/SENG2021DebugThugs/src/services/PersonService.ts": {"path":"/Users/AMadayag/2021/SENG2021DebugThugs/src/services/PersonService.ts","statementMap":{"0":{"start":{"line":1,"column":0},"end":{"line":1,"column":85}},"1":{"start":{"line":2,"column":0},"end":{"line":2,"column":42}},"2":{"start":{"line":3,"column":0},"end":{"line":3,"column":36}},"3":{"start":{"line":4,"column":0},"end":{"line":4,"column":46}},"4":{"start":{"line":11,"column":4},"end":{"line":11,"column":45}},"5":{"start":{"line":12,"column":4},"end":{"line":12,"column":47}},"6":{"start":{"line":23,"column":22},"end":{"line":23,"column":30}},"7":{"start":{"line":24,"column":22},"end":{"line":24,"column":70}},"8":{"start":{"line":27,"column":4},"end":{"line":27,"column":42}},"9":{"start":{"line":30,"column":21},"end":{"line":30,"column":67}},"10":{"start":{"line":32,"column":4},"end":{"line":32,"column":20}},"11":{"start":{"line":43,"column":23},"end":{"line":43,"column":39}},"12":{"start":{"line":46,"column":4},"end":{"line":54,"column":5}},"13":{"start":{"line":47,"column":6},"end":{"line":47,"column":50}},"14":{"start":{"line":49,"column":6},"end":{"line":53,"column":7}},"15":{"start":{"line":50,"column":8},"end":{"line":50,"column":39}},"16":{"start":{"line":52,"column":8},"end":{"line":52,"column":41}},"17":{"start":{"line":57,"column":4},"end":{"line":65,"column":5}},"18":{"start":{"line":58,"column":6},"end":{"line":58,"column":56}},"19":{"start":{"line":60,"column":6},"end":{"line":64,"column":7}},"20":{"start":{"line":61,"column":8},"end":{"line":61,"column":39}},"21":{"start":{"line":63,"column":8},"end":{"line":63,"column":41}},"22":{"start":{"line":68,"column":18},"end":{"line":68,"column":69}},"23":{"start":{"line":69,"column":4},"end":{"line":69,"column":17}},"24":{"start":{"line":78,"column":26},"end":{"line":78,"column":42}},"25":{"start":{"line":79,"column":22},"end":{"line":79,"column":74}},"26":{"start":{"line":80,"column":4},"end":{"line":82,"column":5}},"27":{"start":{"line":81,"column":6},"end":{"line":81,"column":39}},"28":{"start":{"line":84,"column":4},"end":{"line":92,"column":5}},"29":{"start":{"line":85,"column":6},"end":{"line":85,"column":58}},"30":{"start":{"line":87,"column":6},"end":{"line":91,"column":7}},"31":{"start":{"line":88,"column":8},"end":{"line":88,"column":41}},"32":{"start":{"line":90,"column":8},"end":{"line":90,"column":41}},"33":{"start":{"line":94,"column":4},"end":{"line":94,"column":45}},"34":{"start":{"line":95,"column":4},"end":{"line":95,"column":14}},"35":{"start":{"line":99,"column":4},"end":{"line":99,"column":52}},"36":{"start":{"line":103,"column":4},"end":{"line":103,"column":46}},"37":{"start":{"line":6,"column":0},"end":{"line":6,"column":13}}},"fnMap":{"0":{"name":"(anonymous_7)","decl":{"start":{"line":10,"column":2},"end":{"line":10,"column":null}},"loc":{"start":{"line":10,"column":2},"end":{"line":13,"column":3}}},"1":{"name":"(anonymous_8)","decl":{"start":{"line":22,"column":15},"end":{"line":22,"column":27}},"loc":{"start":{"line":22,"column":77},"end":{"line":33,"column":null}}},"2":{"name":"(anonymous_10)","decl":{"start":{"line":41,"column":15},"end":{"line":41,"column":24}},"loc":{"start":{"line":41,"column":60},"end":{"line":70,"column":null}}},"3":{"name":"(anonymous_12)","decl":{"start":{"line":76,"column":15},"end":{"line":76,"column":25}},"loc":{"start":{"line":76,"column":39},"end":{"line":96,"column":null}}},"4":{"name":"(anonymous_14)","decl":{"start":{"line":98,"column":15},"end":{"line":98,"column":34}},"loc":{"start":{"line":98,"column":51},"end":{"line":100,"column":null}}},"5":{"name":"(anonymous_16)","decl":{"start":{"line":102,"column":15},"end":{"line":102,"column":31}},"loc":{"start":{"line":102,"column":45},"end":{"line":104,"column":null}}}},"branchMap":{"0":{"loc":{"start":{"line":49,"column":6},"end":{"line":53,"column":7}},"type":"if","locations":[{"start":{"line":49,"column":6},"end":{"line":53,"column":7}},{"start":{"line":51,"column":13},"end":{"line":53,"column":7}}]},"1":{"loc":{"start":{"line":60,"column":6},"end":{"line":64,"column":7}},"type":"if","locations":[{"start":{"line":60,"column":6},"end":{"line":64,"column":7}},{"start":{"line":62,"column":13},"end":{"line":64,"column":7}}]},"2":{"loc":{"start":{"line":80,"column":4},"end":{"line":82,"column":5}},"type":"if","locations":[{"start":{"line":80,"column":4},"end":{"line":82,"column":5}}]},"3":{"loc":{"start":{"line":87,"column":6},"end":{"line":91,"column":7}},"type":"if","locations":[{"start":{"line":87,"column":6},"end":{"line":91,"column":7}},{"start":{"line":89,"column":13},"end":{"line":91,"column":7}}]}},"s":{"0":9,"1":9,"2":9,"3":9,"4":9,"5":9,"6":19,"7":19,"8":19,"9":19,"10":19,"11":3,"12":3,"13":3,"14":1,"15":1,"16":0,"17":2,"18":2,"19":1,"20":1,"21":0,"22":1,"23":1,"24":1,"25":1,"26":1,"27":0,"28":1,"29":1,"30":0,"31":0,"32":0,"33":1,"34":1,"35":0,"36":0,"37":9},"f":{"0":9,"1":19,"2":3,"3":1,"4":0,"5":0},"b":{"0":[1,0],"1":[1,0],"2":[0],"3":[0,0]}}
,"/Users/AMadayag/2021/SENG2021DebugThugs/src/services/ServicesHelper.ts": {"path":"/Users/AMadayag/2021/SENG2021DebugThugs/src/services/ServicesHelper.ts","statementMap":{"0":{"start":{"line":2,"column":0},"end":{"line":2,"column":85}},"1":{"start":{"line":9,"column":4},"end":{"line":9,"column":47}},"2":{"start":{"line":10,"column":4},"end":{"line":10,"column":45}},"3":{"start":{"line":17,"column":27},"end":{"line":17,"column":79}},"4":{"start":{"line":18,"column":4},"end":{"line":22,"column":5}},"5":{"start":{"line":19,"column":6},"end":{"line":19,"column":51}},"6":{"start":{"line":20,"column":11},"end":{"line":22,"column":5}},"7":{"start":{"line":21,"column":6},"end":{"line":21,"column":67}},"8":{"start":{"line":27,"column":15},"end":{"line":27,"column":62}},"9":{"start":{"line":28,"column":4},"end":{"line":30,"column":5}},"10":{"start":{"line":29,"column":6},"end":{"line":29,"column":58}},"11":{"start":{"line":31,"column":4},"end":{"line":33,"column":5}},"12":{"start":{"line":32,"column":6},"end":{"line":32,"column":40}},"13":{"start":{"line":35,"column":4},"end":{"line":35,"column":16}},"14":{"start":{"line":40,"column":4},"end":{"line":42,"column":5}},"15":{"start":{"line":41,"column":6},"end":{"line":41,"column":42}},"16":{"start":{"line":4,"column":0},"end":{"line":4,"column":13}}},"fnMap":{"0":{"name":"(anonymous_7)","decl":{"start":{"line":8,"column":2},"end":{"line":8,"column":null}},"loc":{"start":{"line":8,"column":2},"end":{"line":11,"column":3}}},"1":{"name":"(anonymous_8)","decl":{"start":{"line":13,"column":15},"end":{"line":13,"column":28}},"loc":{"start":{"line":15,"column":21},"end":{"line":23,"column":null}}},"2":{"name":"(anonymous_10)","decl":{"start":{"line":26,"column":15},"end":{"line":26,"column":23}},"loc":{"start":{"line":26,"column":38},"end":{"line":36,"column":null}}},"3":{"name":"(anonymous_12)","decl":{"start":{"line":39,"column":9},"end":{"line":39,"column":25}},"loc":{"start":{"line":39,"column":56},"end":{"line":43,"column":3}}}},"branchMap":{"0":{"loc":{"start":{"line":18,"column":4},"end":{"line":22,"column":5}},"type":"if","locations":[{"start":{"line":18,"column":4},"end":{"line":22,"column":5}},{"start":{"line":20,"column":11},"end":{"line":22,"column":5}}]},"1":{"loc":{"start":{"line":20,"column":11},"end":{"line":22,"column":5}},"type":"if","locations":[{"start":{"line":20,"column":11},"end":{"line":22,"column":5}}]},"2":{"loc":{"start":{"line":28,"column":4},"end":{"line":30,"column":5}},"type":"if","locations":[{"start":{"line":28,"column":4},"end":{"line":30,"column":5}}]},"3":{"loc":{"start":{"line":31,"column":4},"end":{"line":33,"column":5}},"type":"if","locations":[{"start":{"line":31,"column":4},"end":{"line":33,"column":5}}]},"4":{"loc":{"start":{"line":40,"column":4},"end":{"line":42,"column":5}},"type":"if","locations":[{"start":{"line":40,"column":4},"end":{"line":42,"column":5}}]}},"s":{"0":9,"1":12,"2":12,"3":9,"4":9,"5":0,"6":9,"7":0,"8":3,"9":3,"10":3,"11":3,"12":1,"13":2,"14":2,"15":1,"16":9},"f":{"0":12,"1":9,"2":3,"3":2},"b":{"0":[0,9],"1":[0],"2":[3],"3":[1],"4":[1]}}
,"/Users/AMadayag/2021/SENG2021DebugThugs/src/tests/testHelper.ts": {"path":"/Users/AMadayag/2021/SENG2021DebugThugs/src/tests/testHelper.ts","statementMap":{"0":{"start":{"line":9,"column":0},"end":{"line":9,"column":22}},"1":{"start":{"line":26,"column":0},"end":{"line":26,"column":22}},"2":{"start":{"line":33,"column":0},"end":{"line":33,"column":16}},"3":{"start":{"line":41,"column":0},"end":{"line":41,"column":22}},"4":{"start":{"line":59,"column":0},"end":{"line":59,"column":22}},"5":{"start":{"line":73,"column":0},"end":{"line":73,"column":22}},"6":{"start":{"line":95,"column":0},"end":{"line":95,"column":22}},"7":{"start":{"line":107,"column":0},"end":{"line":107,"column":22}},"8":{"start":{"line":123,"column":0},"end":{"line":123,"column":22}},"9":{"start":{"line":137,"column":0},"end":{"line":137,"column":22}},"10":{"start":{"line":1,"column":0},"end":{"line":1,"column":26}},"11":{"start":{"line":2,"column":0},"end":{"line":2,"column":57}},"12":{"start":{"line":7,"column":69},"end":{"line":7,"column":73}},"13":{"start":{"line":10,"column":2},"end":{"line":12,"column":3}},"14":{"start":{"line":11,"column":4},"end":{"line":11,"column":26}},"15":{"start":{"line":14,"column":17},"end":{"line":14,"column":36}},"16":{"start":{"line":15,"column":18},"end":{"line":15,"column":34}},"17":{"start":{"line":17,"column":2},"end":{"line":19,"column":3}},"18":{"start":{"line":18,"column":4},"end":{"line":18,"column":57}},"19":{"start":{"line":21,"column":2},"end":{"line":21,"column":67}},"20":{"start":{"line":22,"column":2},"end":{"line":22,"column":26}},"21":{"start":{"line":23,"column":2},"end":{"line":23,"column":16}},"22":{"start":{"line":27,"column":2},"end":{"line":30,"column":3}},"23":{"start":{"line":28,"column":4},"end":{"line":28,"column":23}},"24":{"start":{"line":29,"column":4},"end":{"line":29,"column":26}},"25":{"start":{"line":34,"column":2},"end":{"line":36,"column":3}},"26":{"start":{"line":35,"column":4},"end":{"line":35,"column":78}},"27":{"start":{"line":37,"column":2},"end":{"line":37,"column":20}},"28":{"start":{"line":46,"column":2},"end":{"line":55,"column":3}},"29":{"start":{"line":47,"column":16},"end":{"line":50,"column":null}},"30":{"start":{"line":52,"column":4},"end":{"line":52,"column":15}},"31":{"start":{"line":54,"column":4},"end":{"line":54,"column":16}},"32":{"start":{"line":60,"column":2},"end":{"line":69,"column":3}},"33":{"start":{"line":61,"column":16},"end":{"line":64,"column":null}},"34":{"start":{"line":66,"column":4},"end":{"line":66,"column":15}},"35":{"start":{"line":68,"column":4},"end":{"line":68,"column":16}},"36":{"start":{"line":79,"column":2},"end":{"line":91,"column":3}},"37":{"start":{"line":80,"column":16},"end":{"line":86,"column":null}},"38":{"start":{"line":88,"column":4},"end":{"line":88,"column":15}},"39":{"start":{"line":90,"column":4},"end":{"line":90,"column":16}},"40":{"start":{"line":96,"column":2},"end":{"line":103,"column":3}},"41":{"start":{"line":97,"column":16},"end":{"line":98,"column":null}},"42":{"start":{"line":100,"column":4},"end":{"line":100,"column":15}},"43":{"start":{"line":102,"column":4},"end":{"line":102,"column":16}},"44":{"start":{"line":108,"column":2},"end":{"line":119,"column":3}},"45":{"start":{"line":109,"column":16},"end":{"line":114,"column":null}},"46":{"start":{"line":116,"column":4},"end":{"line":116,"column":15}},"47":{"start":{"line":118,"column":4},"end":{"line":118,"column":16}},"48":{"start":{"line":124,"column":2},"end":{"line":133,"column":3}},"49":{"start":{"line":125,"column":16},"end":{"line":128,"column":null}},"50":{"start":{"line":130,"column":4},"end":{"line":130,"column":15}},"51":{"start":{"line":132,"column":4},"end":{"line":132,"column":16}},"52":{"start":{"line":138,"column":2},"end":{"line":147,"column":3}},"53":{"start":{"line":139,"column":16},"end":{"line":142,"column":null}},"54":{"start":{"line":144,"column":4},"end":{"line":144,"column":15}},"55":{"start":{"line":146,"column":4},"end":{"line":146,"column":16}}},"fnMap":{"0":{"name":"startTestServer","decl":{"start":{"line":9,"column":22},"end":{"line":9,"column":37}},"loc":{"start":{"line":9,"column":37},"end":{"line":24,"column":null}}},"1":{"name":"closeServer","decl":{"start":{"line":26,"column":22},"end":{"line":26,"column":33}},"loc":{"start":{"line":26,"column":33},"end":{"line":31,"column":null}}},"2":{"name":"getServerUrl","decl":{"start":{"line":33,"column":16},"end":{"line":33,"column":28}},"loc":{"start":{"line":33,"column":28},"end":{"line":38,"column":1}}},"3":{"name":"registerUserRequest","decl":{"start":{"line":41,"column":22},"end":{"line":41,"column":41}},"loc":{"start":{"line":44,"column":15},"end":{"line":56,"column":null}}},"4":{"name":"loginUserRequest","decl":{"start":{"line":59,"column":22},"end":{"line":59,"column":38}},"loc":{"start":{"line":59,"column":74},"end":{"line":70,"column":null}}},"5":{"name":"createOrder","decl":{"start":{"line":73,"column":22},"end":{"line":73,"column":33}},"loc":{"start":{"line":77,"column":22},"end":{"line":92,"column":null}}},"6":{"name":"fetchXmlRequest","decl":{"start":{"line":95,"column":22},"end":{"line":95,"column":37}},"loc":{"start":{"line":95,"column":54},"end":{"line":104,"column":null}}},"7":{"name":"logoutUserReq","decl":{"start":{"line":107,"column":22},"end":{"line":107,"column":35}},"loc":{"start":{"line":107,"column":49},"end":{"line":120,"column":null}}},"8":{"name":"cancelOrderReq","decl":{"start":{"line":123,"column":22},"end":{"line":123,"column":36}},"loc":{"start":{"line":123,"column":53},"end":{"line":134,"column":null}}},"9":{"name":"completeOrderReq","decl":{"start":{"line":137,"column":22},"end":{"line":137,"column":38}},"loc":{"start":{"line":137,"column":55},"end":{"line":148,"column":null}}}},"branchMap":{"0":{"loc":{"start":{"line":10,"column":2},"end":{"line":12,"column":3}},"type":"if","locations":[{"start":{"line":10,"column":2},"end":{"line":12,"column":3}}]},"1":{"loc":{"start":{"line":17,"column":2},"end":{"line":19,"column":3}},"type":"if","locations":[{"start":{"line":17,"column":2},"end":{"line":19,"column":3}}]},"2":{"loc":{"start":{"line":17,"column":6},"end":{"line":17,"column":45}},"type":"binary-expr","locations":[{"start":{"line":17,"column":6},"end":{"line":17,"column":14}},{"start":{"line":17,"column":18},"end":{"line":17,"column":45}}]},"3":{"loc":{"start":{"line":27,"column":2},"end":{"line":30,"column":3}},"type":"if","locations":[{"start":{"line":27,"column":2},"end":{"line":30,"column":3}}]},"4":{"loc":{"start":{"line":34,"column":2},"end":{"line":36,"column":3}},"type":"if","locations":[{"start":{"line":34,"column":2},"end":{"line":36,"column":3}}]}},"s":{"0":9,"1":9,"2":9,"3":9,"4":9,"5":9,"6":9,"7":9,"8":9,"9":9,"10":9,"11":9,"12":9,"13":9,"14":0,"15":9,"16":9,"17":9,"18":0,"19":9,"20":9,"21":9,"22":9,"23":9,"24":9,"25":16,"26":0,"27":16,"28":19,"29":19,"30":19,"31":0,"32":3,"33":3,"34":1,"35":2,"36":8,"37":8,"38":8,"39":0,"40":2,"41":2,"42":1,"43":1,"44":2,"45":2,"46":1,"47":1,"48":1,"49":1,"50":1,"51":0,"52":1,"53":1,"54":1,"55":0},"f":{"0":9,"1":9,"2":16,"3":19,"4":3,"5":8,"6":2,"7":2,"8":1,"9":1},"b":{"0":[0],"1":[0],"2":[9,9],"3":[9],"4":[0]}}
}
