TN:
SF:src/index.ts
FN:11,(anonymous_17)
FN:11,(anonymous_18)
FN:43,(anonymous_19)
FN:48,(anonymous_20)
FN:49,(anonymous_21)
FNF:5
FNH:3
FNDA:7,(anonymous_17)
FNDA:7,(anonymous_18)
FNDA:7,(anonymous_19)
FNDA:0,(anonymous_20)
FNDA:0,(anonymous_21)
DA:1,7
DA:2,7
DA:3,7
DA:4,7
DA:6,7
DA:7,7
DA:8,7
DA:9,7
DA:11,7
DA:12,7
DA:13,7
DA:14,7
DA:16,0
DA:21,7
DA:27,7
DA:30,7
DA:31,7
DA:34,7
DA:37,7
DA:38,7
DA:42,7
DA:43,7
DA:44,7
DA:48,7
DA:49,0
DA:50,0
DA:51,0
DA:55,7
DA:56,7
LF:29
LH:25
BRDA:42,0,0,7
BRDA:42,0,1,7
BRF:2
BRH:2
end_of_record
TN:
SF:src/controllers/OrderController.ts
FN:9,createOrder
FN:31,getOrderByInvoiceUid
FN:45,fetchXml
FN:62,(anonymous_13)
FN:62,(anonymous_14)
FN:77,(anonymous_15)
FN:77,(anonymous_16)
FN:97,(anonymous_17)
FN:97,(anonymous_18)
FNF:9
FNH:2
FNDA:4,createOrder
FNDA:0,getOrderByInvoiceUid
FNDA:2,fetchXml
FNDA:0,(anonymous_13)
FNDA:0,(anonymous_14)
FNDA:0,(anonymous_15)
FNDA:0,(anonymous_16)
FNDA:0,(anonymous_17)
FNDA:0,(anonymous_18)
DA:2,7
DA:4,7
DA:5,7
DA:9,7
DA:10,4
DA:11,4
DA:13,4
DA:14,0
DA:17,4
DA:18,4
DA:20,3
DA:22,1
DA:23,1
DA:25,0
DA:31,7
DA:32,0
DA:33,0
DA:34,0
DA:35,0
DA:36,0
DA:38,0
DA:40,0
DA:41,0
DA:45,7
DA:46,2
DA:48,2
DA:49,2
DA:50,1
DA:52,1
DA:53,1
DA:55,0
DA:62,7
DA:63,0
DA:64,0
DA:65,0
DA:68,0
DA:70,0
DA:72,0
DA:77,7
DA:78,0
DA:79,0
DA:80,0
DA:82,0
DA:83,0
DA:84,0
DA:85,0
DA:88,0
DA:89,0
DA:91,0
DA:92,0
DA:97,7
DA:98,0
DA:99,0
DA:100,0
DA:101,0
DA:103,0
LF:56
LH:23
BRDA:13,0,0,0
BRDA:22,1,0,1
BRDA:22,1,1,0
BRDA:35,2,0,0
BRDA:52,3,0,1
BRDA:52,3,1,0
BRDA:83,4,0,0
BRDA:83,5,0,0
BRDA:83,5,1,0
BRF:9
BRH:2
end_of_record
TN:
SF:src/controllers/PersonController.ts
FN:7,registerUser
FN:22,loginUser
FN:38,getPersonByUsername
FN:57,getPersonByEmail
FN:75,logoutUser
FNF:5
FNH:3
FNDA:9,registerUser
FNDA:3,loginUser
FNDA:0,getPersonByUsername
FNDA:0,getPersonByEmail
FNDA:2,logoutUser
DA:2,7
DA:4,7
DA:7,7
DA:8,9
DA:10,9
DA:11,9
DA:12,9
DA:14,0
DA:15,0
DA:17,0
DA:22,7
DA:23,3
DA:25,3
DA:26,3
DA:27,1
DA:29,2
DA:30,2
DA:32,0
DA:38,7
DA:39,0
DA:40,0
DA:41,0
DA:42,0
DA:43,0
DA:45,0
DA:47,0
DA:48,0
DA:49,0
DA:51,0
DA:57,7
DA:58,0
DA:59,0
DA:60,0
DA:61,0
DA:62,0
DA:64,0
DA:66,0
DA:67,0
DA:68,0
DA:70,0
DA:75,7
DA:76,2
DA:78,2
DA:79,1
DA:82,1
DA:83,1
DA:84,1
DA:86,0
DA:87,0
DA:89,0
LF:50
LH:23
BRDA:14,0,0,0
BRDA:14,0,1,0
BRDA:29,1,0,2
BRDA:29,1,1,0
BRDA:42,2,0,0
BRDA:48,3,0,0
BRDA:48,3,1,0
BRDA:61,4,0,0
BRDA:67,5,0,0
BRDA:67,5,1,0
BRDA:78,6,0,1
BRDA:86,7,0,0
BRDA:86,7,1,0
BRF:13
BRH:2
end_of_record
TN:
SF:src/database/DatabaseConnection.ts
FN:15,initDB
FN:69,(anonymous_10)
FN:73,(anonymous_11)
FN:74,(anonymous_12)
FNF:4
FNH:3
FNDA:14,initDB
FNDA:7,(anonymous_10)
FNDA:7,(anonymous_11)
FNDA:0,(anonymous_12)
DA:1,7
DA:3,7
DA:15,7
DA:16,14
DA:17,14
DA:19,14
DA:27,14
DA:37,14
DA:50,14
DA:58,14
DA:59,14
DA:60,14
DA:61,14
DA:63,0
DA:68,7
DA:70,7
DA:71,7
DA:73,7
DA:74,0
LF:19
LH:17
BRF:0
BRH:0
end_of_record
TN:
SF:src/domain/Order.ts
FN:13,(anonymous_1)
FNF:1
FNH:0
FNDA:0,(anonymous_1)
DA:1,7
DA:3,3
DA:4,3
DA:5,3
DA:6,3
DA:7,3
DA:8,3
DA:12,7
DA:14,0
DA:15,0
DA:16,0
DA:17,0
DA:18,0
DA:19,0
LF:14
LH:8
BRF:0
BRH:0
end_of_record
TN:
SF:src/domain/Person.ts
FN:2,(anonymous_0)
FN:11,(anonymous_1)
FNF:2
FNH:2
FNDA:9,(anonymous_0)
FNDA:10,(anonymous_1)
DA:1,7
DA:3,9
DA:4,9
DA:5,9
DA:6,9
DA:10,7
DA:12,10
DA:13,10
LF:8
LH:8
BRF:0
BRH:0
end_of_record
TN:
SF:src/repository/OrderRepository.ts
FN:3,(anonymous_0)
FN:6,(anonymous_1)
FN:11,(anonymous_2)
FN:12,(anonymous_3)
FN:15,(anonymous_4)
FN:16,(anonymous_5)
FN:20,(anonymous_6)
FN:23,(anonymous_7)
FNF:8
FNH:5
FNDA:10,(anonymous_0)
FNDA:3,(anonymous_1)
FNDA:4,(anonymous_2)
FNDA:5,(anonymous_3)
FNDA:0,(anonymous_4)
FNDA:0,(anonymous_5)
FNDA:1,(anonymous_6)
FNDA:0,(anonymous_7)
DA:3,7
DA:4,7
DA:5,10
DA:7,3
DA:8,3
DA:12,5
DA:16,0
DA:21,1
DA:24,0
LF:9
LH:7
BRDA:12,0,0,4
BRDA:12,0,1,1
BRF:2
BRH:2
end_of_record
TN:
SF:src/repository/PersonRepository.ts
FN:7,(anonymous_0)
FN:12,(anonymous_1)
FN:13,(anonymous_2)
FN:17,(anonymous_3)
FN:18,(anonymous_4)
FN:26,(anonymous_5)
FN:27,(anonymous_6)
FN:31,(anonymous_7)
FN:40,(anonymous_8)
FN:42,(anonymous_9)
FNF:10
FNH:10
FNDA:9,(anonymous_0)
FNDA:4,(anonymous_1)
FNDA:7,(anonymous_2)
FNDA:3,(anonymous_3)
FNDA:5,(anonymous_4)
FNDA:13,(anonymous_5)
FNDA:14,(anonymous_6)
FNDA:10,(anonymous_7)
FNDA:1,(anonymous_8)
FNDA:1,(anonymous_9)
DA:1,7
DA:2,7
DA:4,7
DA:5,7
DA:8,9
DA:9,9
DA:13,7
DA:14,4
DA:18,5
DA:19,3
DA:23,7
DA:24,7
DA:27,14
DA:28,13
DA:32,10
DA:33,10
DA:35,10
DA:37,10
DA:41,1
DA:42,1
LF:20
LH:20
BRDA:14,0,0,4
BRDA:14,0,1,3
BRDA:19,1,0,3
BRDA:19,1,1,1
BRDA:28,2,0,13
BRDA:28,2,1,2
BRDA:28,3,0,2
BRDA:28,3,1,11
BRDA:28,4,0,13
BRDA:28,4,1,13
BRF:10
BRH:10
end_of_record
TN:
SF:src/routes/OrderRoutes.ts
FN:34,(anonymous_0)
FNF:1
FNH:1
FNDA:1,(anonymous_0)
DA:1,7
DA:2,7
DA:10,7
DA:12,7
DA:17,7
DA:19,7
DA:24,7
DA:27,7
DA:30,7
DA:31,7
DA:34,7
DA:35,1
DA:36,1
DA:37,1
DA:38,1
DA:40,0
DA:44,7
DA:46,7
DA:47,7
DA:49,7
LF:20
LH:19
BRF:0
BRH:0
end_of_record
TN:
SF:src/routes/PersonRoutes.ts
FNF:0
FNH:0
DA:1,7
DA:2,7
DA:10,7
DA:13,7
DA:15,7
DA:24,7
DA:26,7
LF:7
LH:7
BRF:0
BRH:0
end_of_record
TN:
SF:src/services/OrderService.ts
FN:12,(anonymous_7)
FN:23,(anonymous_8)
FN:53,(anonymous_10)
FN:64,(anonymous_12)
FN:85,(anonymous_13)
FN:89,(anonymous_15)
FN:93,(anonymous_17)
FNF:7
FNH:4
FNDA:7,(anonymous_7)
FNDA:4,(anonymous_8)
FNDA:2,(anonymous_10)
FNDA:1,(anonymous_12)
FNDA:0,(anonymous_13)
FNDA:0,(anonymous_15)
FNDA:0,(anonymous_17)
DA:1,7
DA:2,7
DA:3,7
DA:4,7
DA:5,7
DA:9,7
DA:13,7
DA:30,4
DA:32,4
DA:33,4
DA:35,1
DA:39,3
DA:42,3
DA:43,3
DA:45,3
DA:54,2
DA:56,2
DA:57,1
DA:60,1
DA:64,1
DA:77,1
DA:78,1
DA:80,1
DA:82,1
DA:86,0
DA:90,0
DA:94,0
DA:96,0
DA:97,0
DA:99,0
DA:100,0
LF:31
LH:24
BRDA:56,0,0,1
BRDA:64,1,0,0
BRDA:64,1,1,1
BRDA:64,2,0,1
BRDA:64,2,1,1
BRDA:96,3,0,0
BRDA:96,4,0,0
BRDA:96,4,1,0
BRF:8
BRH:4
end_of_record
TN:
SF:src/services/PersonService.ts
FN:10,(anonymous_7)
FN:22,(anonymous_8)
FN:41,(anonymous_10)
FN:76,(anonymous_12)
FN:98,(anonymous_14)
FN:102,(anonymous_16)
FNF:6
FNH:4
FNDA:7,(anonymous_7)
FNDA:9,(anonymous_8)
FNDA:3,(anonymous_10)
FNDA:1,(anonymous_12)
FNDA:0,(anonymous_14)
FNDA:0,(anonymous_16)
DA:1,7
DA:2,7
DA:3,7
DA:4,7
DA:6,7
DA:11,7
DA:12,7
DA:23,9
DA:24,9
DA:27,9
DA:30,9
DA:32,9
DA:43,3
DA:46,3
DA:47,3
DA:49,1
DA:50,1
DA:52,0
DA:57,2
DA:58,2
DA:60,1
DA:61,1
DA:63,0
DA:68,1
DA:69,1
DA:78,1
DA:79,1
DA:80,1
DA:81,0
DA:84,1
DA:85,1
DA:87,0
DA:88,0
DA:90,0
DA:94,1
DA:95,1
DA:99,0
DA:103,0
LF:38
LH:30
BRDA:49,0,0,1
BRDA:49,0,1,0
BRDA:60,1,0,1
BRDA:60,1,1,0
BRDA:80,2,0,0
BRDA:87,3,0,0
BRDA:87,3,1,0
BRF:7
BRH:2
end_of_record
TN:
SF:src/services/ServicesHelper.ts
FN:8,(anonymous_0)
FN:13,(anonymous_1)
FN:26,(anonymous_2)
FN:39,(anonymous_3)
FNF:4
FNH:4
FNDA:8,(anonymous_0)
FNDA:5,(anonymous_1)
FNDA:3,(anonymous_2)
FNDA:2,(anonymous_3)
DA:2,7
DA:4,7
DA:9,8
DA:10,8
DA:17,5
DA:18,5
DA:19,1
DA:20,4
DA:21,0
DA:27,3
DA:28,3
DA:29,3
DA:31,3
DA:32,1
DA:35,2
DA:40,2
DA:41,1
LF:17
LH:16
BRDA:18,0,0,1
BRDA:18,0,1,4
BRDA:20,1,0,0
BRDA:28,2,0,3
BRDA:31,3,0,1
BRDA:40,4,0,1
BRF:6
BRH:5
end_of_record
TN:
SF:src/tests/testHelper.ts
FN:8,closeServer
FN:10,(anonymous_10)
FN:11,(anonymous_11)
FN:11,(anonymous_12)
FN:15,registerUserRequest
FN:37,loginUserRequest
FN:54,createOrder
FN:77,fetchXmlRequest
FN:88,logoutUserReq
FNF:9
FNH:9
FNDA:7,closeServer
FNDA:7,(anonymous_10)
FNDA:7,(anonymous_11)
FNDA:7,(anonymous_12)
FNDA:9,registerUserRequest
FNDA:3,loginUserRequest
FNDA:3,createOrder
FNDA:2,fetchXmlRequest
FNDA:2,logoutUserReq
DA:1,7
DA:2,7
DA:5,7
DA:8,7
DA:9,7
DA:10,7
DA:11,7
DA:15,7
DA:20,9
DA:21,9
DA:30,9
DA:32,0
DA:37,7
DA:38,3
DA:39,3
DA:48,1
DA:50,2
DA:54,7
DA:60,3
DA:61,3
DA:71,3
DA:73,0
DA:77,7
DA:78,2
DA:79,2
DA:82,1
DA:84,1
DA:88,7
DA:89,2
DA:90,2
DA:97,1
DA:99,1
LF:32
LH:30
BRF:0
BRH:0
end_of_record
