TN:
SF:src/index.ts
FN:19,(anonymous_17)
FN:19,(anonymous_18)
FN:52,(anonymous_19)
FN:52,(anonymous_20)
FN:59,(anonymous_21)
FNF:5
FNH:2
FNDA:9,(anonymous_17)
FNDA:9,(anonymous_18)
FNDA:0,(anonymous_19)
FNDA:0,(anonymous_20)
FNDA:0,(anonymous_21)
DA:1,9
DA:2,9
DA:3,9
DA:4,9
DA:5,9
DA:6,9
DA:8,9
DA:9,9
DA:10,9
DA:12,9
DA:15,9
DA:16,9
DA:19,9
DA:20,9
DA:21,9
DA:22,9
DA:24,0
DA:32,9
DA:33,9
DA:35,9
DA:36,9
DA:38,0
DA:41,9
DA:43,9
DA:45,9
DA:52,9
DA:53,0
DA:54,0
DA:55,0
DA:59,9
DA:60,0
DA:64,9
LF:32
LH:26
BRDA:35,0,0,9
BRDA:35,0,1,0
BRF:2
BRH:1
end_of_record
TN:
SF:src/startServer.ts
FN:9,startServer
FN:11,(anonymous_10)
FN:13,(anonymous_11)
FN:24,stopServer
FNF:4
FNH:4
FNDA:9,startServer
FNDA:9,(anonymous_10)
FNDA:9,(anonymous_11)
FNDA:9,stopServer
DA:1,9
DA:2,9
DA:5,9
DA:7,9
DA:9,9
DA:10,9
DA:11,9
DA:12,9
DA:13,9
DA:14,9
DA:15,9
DA:18,0
DA:24,9
DA:25,9
DA:26,9
DA:27,9
DA:28,9
LF:17
LH:16
BRDA:5,0,0,9
BRDA:5,0,1,9
BRDA:25,1,0,9
BRF:3
BRH:3
end_of_record
TN:
SF:src/controllers/OrderController.ts
FN:10,createOrder
FN:32,completeOrder
FN:48,(anonymous_11)
FN:48,(anonymous_12)
FN:60,getOrderByInvoiceUid
FN:74,fetchXml
FN:91,(anonymous_17)
FN:91,(anonymous_18)
FN:106,(anonymous_19)
FN:106,(anonymous_20)
FNF:10
FNH:9
FNDA:8,createOrder
FNDA:1,completeOrder
FNDA:1,(anonymous_11)
FNDA:1,(anonymous_12)
FNDA:0,getOrderByInvoiceUid
FNDA:2,fetchXml
FNDA:3,(anonymous_17)
FNDA:3,(anonymous_18)
FNDA:15,(anonymous_19)
FNDA:15,(anonymous_20)
DA:2,9
DA:4,9
DA:6,9
DA:10,9
DA:11,8
DA:12,8
DA:14,8
DA:15,0
DA:18,8
DA:19,8
DA:21,8
DA:23,0
DA:24,0
DA:26,0
DA:32,9
DA:33,1
DA:35,1
DA:36,1
DA:37,1
DA:39,0
DA:40,0
DA:42,0
DA:48,9
DA:49,1
DA:50,1
DA:51,1
DA:52,1
DA:54,0
DA:55,0
DA:60,9
DA:61,0
DA:62,0
DA:63,0
DA:64,0
DA:65,0
DA:67,0
DA:69,0
DA:70,0
DA:74,9
DA:75,2
DA:77,2
DA:78,2
DA:80,1
DA:82,1
DA:83,1
DA:85,0
DA:91,9
DA:92,3
DA:93,3
DA:94,3
DA:97,3
DA:99,3
DA:101,0
DA:106,15
DA:107,15
DA:108,15
DA:109,15
DA:110,15
DA:112,0
LF:59
LH:39
BRDA:14,0,0,0
BRDA:23,1,0,0
BRDA:23,1,1,0
BRDA:39,2,0,0
BRDA:39,2,1,0
BRDA:64,3,0,0
BRDA:82,4,0,1
BRDA:82,4,1,0
BRF:8
BRH:1
end_of_record
TN:
SF:src/controllers/PersonController.ts
FN:7,registerUser
FN:22,loginUser
FN:38,getPersonByUsername
FN:57,getPersonByEmail
FN:75,logoutUser
FNF:5
FNH:3
FNDA:19,registerUser
FNDA:3,loginUser
FNDA:0,getPersonByUsername
FNDA:0,getPersonByEmail
FNDA:2,logoutUser
DA:2,9
DA:4,9
DA:7,9
DA:8,19
DA:10,19
DA:11,19
DA:12,19
DA:14,0
DA:15,0
DA:17,0
DA:22,9
DA:23,3
DA:25,3
DA:26,3
DA:27,1
DA:29,2
DA:30,2
DA:32,0
DA:38,9
DA:39,0
DA:40,0
DA:41,0
DA:42,0
DA:43,0
DA:45,0
DA:47,0
DA:48,0
DA:49,0
DA:51,0
DA:57,9
DA:58,0
DA:59,0
DA:60,0
DA:61,0
DA:62,0
DA:64,0
DA:66,0
DA:67,0
DA:68,0
DA:70,0
DA:75,9
DA:76,2
DA:78,2
DA:79,1
DA:82,1
DA:83,1
DA:84,1
DA:86,0
DA:87,0
DA:89,0
LF:50
LH:23
BRDA:14,0,0,0
BRDA:14,0,1,0
BRDA:29,1,0,2
BRDA:29,1,1,0
BRDA:42,2,0,0
BRDA:48,3,0,0
BRDA:48,3,1,0
BRDA:61,4,0,0
BRDA:67,5,0,0
BRDA:67,5,1,0
BRDA:78,6,0,1
BRDA:86,7,0,0
BRDA:86,7,1,0
BRF:13
BRH:2
end_of_record
TN:
SF:src/database/DatabaseConnection.ts
FN:15,initDB
FN:67,closeDB
FNF:2
FNH:2
FNDA:19,initDB
FNDA:10,closeDB
DA:1,10
DA:3,10
DA:15,10
DA:16,19
DA:17,19
DA:19,19
DA:27,19
DA:37,19
DA:50,19
DA:58,19
DA:59,19
DA:60,19
DA:61,19
DA:63,0
DA:67,10
DA:68,10
DA:69,10
DA:70,10
DA:72,0
LF:19
LH:17
BRF:0
BRH:0
end_of_record
TN:
SF:src/database/databaseHelpers.ts
FN:5,savePerson
FN:18,saveOrder
FN:77,getOrder
FN:96,(anonymous_13)
FN:129,saveSession
FN:139,getSession
FN:152,getAllOrders
FN:171,(anonymous_20)
FN:196,saveXmlToOrder
FN:218,usernameFind
FN:233,emailFind
FN:248,personFromToken
FN:263,updateOrderStatus
FNF:13
FNH:13
FNDA:20,savePerson
FNDA:9,saveOrder
FNDA:9,getOrder
FNDA:9,(anonymous_13)
FNDA:1,saveSession
FNDA:1,getSession
FNDA:3,getAllOrders
FNDA:2,(anonymous_20)
FNDA:1,saveXmlToOrder
FNDA:4,usernameFind
FNDA:3,emailFind
FNDA:22,personFromToken
FNDA:2,updateOrderStatus
DA:1,10
DA:2,10
DA:3,10
DA:5,10
DA:6,20
DA:14,20
DA:15,20
DA:18,10
DA:19,9
DA:20,9
DA:21,9
DA:24,9
DA:33,9
DA:40,9
DA:43,9
DA:44,9
DA:47,9
DA:48,9
DA:54,9
DA:55,10
DA:64,10
DA:68,9
DA:70,0
DA:71,0
DA:73,9
DA:77,10
DA:78,9
DA:84,9
DA:85,1
DA:87,8
DA:90,8
DA:96,8
DA:97,9
DA:108,8
DA:109,8
DA:110,8
DA:111,7
DA:115,0
DA:118,8
DA:126,8
DA:129,10
DA:130,1
DA:136,1
DA:139,10
DA:140,1
DA:145,1
DA:146,0
DA:148,1
DA:149,1
DA:152,10
DA:153,3
DA:159,3
DA:160,1
DA:163,2
DA:164,2
DA:165,2
DA:171,2
DA:172,2
DA:182,2
DA:190,2
DA:193,2
DA:196,10
DA:197,1
DA:198,1
DA:199,1
DA:201,1
DA:206,1
DA:207,1
DA:209,1
DA:211,0
DA:212,0
DA:214,1
DA:218,10
DA:219,4
DA:225,4
DA:226,3
DA:229,1
DA:230,1
DA:233,10
DA:234,3
DA:240,3
DA:241,1
DA:244,2
DA:245,2
DA:248,10
DA:249,22
DA:255,22
DA:256,1
DA:259,21
DA:260,21
DA:263,10
DA:264,2
DA:265,2
DA:266,2
DA:268,2
DA:273,2
DA:274,2
DA:276,2
DA:278,0
DA:279,0
DA:281,2
LF:101
LH:93
BRDA:37,0,0,9
BRDA:37,0,1,0
BRDA:38,1,0,9
BRDA:38,1,1,8
BRDA:47,2,0,9
BRDA:47,3,0,9
BRDA:47,3,1,9
BRDA:60,4,0,2
BRDA:60,4,1,8
BRDA:61,5,0,10
BRDA:61,5,1,8
BRDA:62,6,0,10
BRDA:62,6,1,8
BRDA:84,7,0,1
BRDA:101,8,0,0
BRDA:101,8,1,9
BRDA:110,9,0,7
BRDA:145,10,0,0
BRDA:159,11,0,1
BRDA:176,12,0,0
BRDA:176,12,1,2
BRDA:187,13,0,2
BRDA:187,13,1,0
BRDA:225,14,0,3
BRDA:240,15,0,1
BRDA:255,16,0,1
BRF:26
BRH:21
end_of_record
TN:
SF:src/domain/Order.ts
FN:13,(anonymous_1)
FNF:1
FNH:1
FNDA:13,(anonymous_1)
DA:1,10
DA:3,19
DA:4,19
DA:5,19
DA:6,19
DA:7,19
DA:8,19
DA:12,10
DA:14,13
DA:15,13
DA:16,13
DA:17,13
DA:18,13
DA:19,13
LF:14
LH:14
BRF:0
BRH:0
end_of_record
TN:
SF:src/domain/Person.ts
FN:2,(anonymous_0)
FN:11,(anonymous_1)
FNF:2
FNH:2
FNDA:23,(anonymous_0)
FNDA:2,(anonymous_1)
DA:1,10
DA:3,23
DA:4,23
DA:5,23
DA:6,23
DA:10,10
DA:12,2
DA:13,2
LF:8
LH:8
BRF:0
BRH:0
end_of_record
TN:
SF:src/repository/OrderRepository.ts
FN:8,(anonymous_7)
FN:13,(anonymous_9)
FN:18,(anonymous_11)
FN:23,(anonymous_13)
FN:27,(anonymous_15)
FN:33,saveXml
FNF:6
FNH:6
FNDA:8,(anonymous_7)
FNDA:8,(anonymous_9)
FNDA:3,(anonymous_11)
FNDA:2,(anonymous_13)
FNDA:15,(anonymous_15)
FNDA:1,saveXml
DA:2,9
DA:3,9
DA:5,9
DA:6,9
DA:9,8
DA:10,8
DA:14,8
DA:15,8
DA:19,3
DA:20,3
DA:24,2
DA:28,15
DA:29,15
DA:33,9
DA:34,1
LF:15
LH:15
BRF:0
BRH:0
end_of_record
TN:
SF:src/repository/PersonRepository.ts
FN:7,(anonymous_7)
FN:12,(anonymous_9)
FN:17,(anonymous_11)
FN:24,(anonymous_13)
FN:29,(anonymous_15)
FN:41,(anonymous_17)
FNF:6
FNH:6
FNDA:19,(anonymous_7)
FNDA:4,(anonymous_9)
FNDA:3,(anonymous_11)
FNDA:22,(anonymous_13)
FNDA:20,(anonymous_15)
FNDA:1,(anonymous_17)
DA:2,9
DA:3,9
DA:4,9
DA:6,9
DA:8,19
DA:9,19
DA:13,4
DA:14,4
DA:18,3
DA:19,3
DA:23,9
DA:25,22
DA:26,22
DA:30,20
DA:32,20
DA:36,20
DA:38,20
DA:42,1
LF:18
LH:18
BRF:0
BRH:0
end_of_record
TN:
SF:src/routes/OrderRoutes.ts
FNF:0
FNH:0
DA:1,9
DA:2,9
DA:12,9
DA:17,9
DA:20,9
DA:22,9
DA:27,9
DA:31,9
DA:34,9
DA:36,9
LF:10
LH:10
BRF:0
BRH:0
end_of_record
TN:
SF:src/routes/PersonRoutes.ts
FNF:0
FNH:0
DA:1,9
DA:2,9
DA:8,9
DA:11,9
DA:13,9
DA:22,9
DA:24,9
LF:7
LH:7
BRF:0
BRH:0
end_of_record
TN:
SF:src/services/OrderService.ts
FN:12,(anonymous_7)
FN:23,(anonymous_8)
FN:53,(anonymous_10)
FN:64,(anonymous_12)
FN:85,(anonymous_13)
FN:89,(anonymous_15)
FN:93,(anonymous_17)
FN:103,(anonymous_19)
FNF:8
FNH:6
FNDA:9,(anonymous_7)
FNDA:8,(anonymous_8)
FNDA:2,(anonymous_10)
FNDA:1,(anonymous_12)
FNDA:0,(anonymous_13)
FNDA:0,(anonymous_15)
FNDA:1,(anonymous_17)
FNDA:1,(anonymous_19)
DA:1,9
DA:2,9
DA:3,9
DA:4,9
DA:5,9
DA:9,9
DA:13,9
DA:30,8
DA:32,8
DA:33,8
DA:35,0
DA:39,8
DA:42,8
DA:43,8
DA:45,8
DA:54,2
DA:56,2
DA:57,1
DA:60,1
DA:64,1
DA:77,1
DA:78,1
DA:80,1
DA:82,1
DA:86,0
DA:90,0
DA:94,1
DA:96,1
DA:97,0
DA:100,1
DA:104,1
DA:106,1
DA:107,0
DA:110,1
DA:111,0
DA:114,1
LF:36
LH:30
BRDA:56,0,0,1
BRDA:64,1,0,0
BRDA:64,1,1,1
BRDA:64,2,0,1
BRDA:64,2,1,1
BRDA:96,3,0,0
BRDA:96,4,0,1
BRDA:96,4,1,1
BRDA:106,5,0,0
BRDA:110,6,0,0
BRF:10
BRH:6
end_of_record
TN:
SF:src/services/PersonService.ts
FN:10,(anonymous_7)
FN:22,(anonymous_8)
FN:41,(anonymous_10)
FN:76,(anonymous_12)
FN:98,(anonymous_14)
FN:102,(anonymous_16)
FNF:6
FNH:4
FNDA:9,(anonymous_7)
FNDA:19,(anonymous_8)
FNDA:3,(anonymous_10)
FNDA:1,(anonymous_12)
FNDA:0,(anonymous_14)
FNDA:0,(anonymous_16)
DA:1,9
DA:2,9
DA:3,9
DA:4,9
DA:6,9
DA:11,9
DA:12,9
DA:23,19
DA:24,19
DA:27,19
DA:30,19
DA:32,19
DA:43,3
DA:46,3
DA:47,3
DA:49,1
DA:50,1
DA:52,0
DA:57,2
DA:58,2
DA:60,1
DA:61,1
DA:63,0
DA:68,1
DA:69,1
DA:78,1
DA:79,1
DA:80,1
DA:81,0
DA:84,1
DA:85,1
DA:87,0
DA:88,0
DA:90,0
DA:94,1
DA:95,1
DA:99,0
DA:103,0
LF:38
LH:30
BRDA:49,0,0,1
BRDA:49,0,1,0
BRDA:60,1,0,1
BRDA:60,1,1,0
BRDA:80,2,0,0
BRDA:87,3,0,0
BRDA:87,3,1,0
BRF:7
BRH:2
end_of_record
TN:
SF:src/services/ServicesHelper.ts
FN:8,(anonymous_7)
FN:13,(anonymous_8)
FN:26,(anonymous_10)
FN:39,(anonymous_12)
FNF:4
FNH:4
FNDA:12,(anonymous_7)
FNDA:9,(anonymous_8)
FNDA:3,(anonymous_10)
FNDA:2,(anonymous_12)
DA:2,9
DA:4,9
DA:9,12
DA:10,12
DA:17,9
DA:18,9
DA:19,0
DA:20,9
DA:21,0
DA:27,3
DA:28,3
DA:29,3
DA:31,3
DA:32,1
DA:35,2
DA:40,2
DA:41,1
LF:17
LH:15
BRDA:18,0,0,0
BRDA:18,0,1,9
BRDA:20,1,0,0
BRDA:28,2,0,3
BRDA:31,3,0,1
BRDA:40,4,0,1
BRF:6
BRH:4
end_of_record
TN:
SF:src/tests/testHelper.ts
FN:9,startTestServer
FN:26,closeServer
FN:33,getServerUrl
FN:41,registerUserRequest
FN:59,loginUserRequest
FN:73,createOrder
FN:95,fetchXmlRequest
FN:107,logoutUserReq
FN:123,cancelOrderReq
FN:137,completeOrderReq
FNF:10
FNH:10
FNDA:9,startTestServer
FNDA:9,closeServer
FNDA:16,getServerUrl
FNDA:19,registerUserRequest
FNDA:3,loginUserRequest
FNDA:8,createOrder
FNDA:2,fetchXmlRequest
FNDA:2,logoutUserReq
FNDA:1,cancelOrderReq
FNDA:1,completeOrderReq
DA:1,9
DA:2,9
DA:7,9
DA:9,9
DA:10,9
DA:11,0
DA:14,9
DA:15,9
DA:17,9
DA:18,0
DA:21,9
DA:22,9
DA:23,9
DA:26,9
DA:27,9
DA:28,9
DA:29,9
DA:33,9
DA:34,16
DA:35,0
DA:37,16
DA:41,9
DA:46,19
DA:47,19
DA:52,19
DA:54,0
DA:59,9
DA:60,3
DA:61,3
DA:66,1
DA:68,2
DA:73,9
DA:79,8
DA:80,8
DA:88,8
DA:90,0
DA:95,9
DA:96,2
DA:97,2
DA:100,1
DA:102,1
DA:107,9
DA:108,2
DA:109,2
DA:116,1
DA:118,1
DA:123,9
DA:124,1
DA:125,1
DA:130,1
DA:132,0
DA:137,9
DA:138,1
DA:139,1
DA:144,1
DA:146,0
LF:56
LH:49
BRDA:10,0,0,0
BRDA:17,1,0,0
BRDA:17,2,0,9
BRDA:17,2,1,9
BRDA:27,3,0,9
BRDA:34,4,0,0
BRF:6
BRH:3
end_of_record
